ARM GAS  C:\Users\vanlo\AppData\Local\Temp\ccXCAw1j.s 			page 1


   1              		.cpu cortex-m3
   2              		.arch armv7-m
   3              		.fpu softvfp
   4              		.eabi_attribute 20, 1
   5              		.eabi_attribute 21, 1
   6              		.eabi_attribute 23, 3
   7              		.eabi_attribute 24, 1
   8              		.eabi_attribute 25, 1
   9              		.eabi_attribute 26, 1
  10              		.eabi_attribute 30, 1
  11              		.eabi_attribute 34, 1
  12              		.eabi_attribute 18, 4
  13              		.file	"adc.c"
  14              		.text
  15              	.Ltext0:
  16              		.cfi_sections	.debug_frame
  17              		.section	.text.MX_ADC1_Init,"ax",%progbits
  18              		.align	1
  19              		.global	MX_ADC1_Init
  20              		.syntax unified
  21              		.thumb
  22              		.thumb_func
  24              	MX_ADC1_Init:
  25              	.LFB65:
  26              		.file 1 "board/stm32f103cbtx_board/Core/Src/adc.c"
   1:board/stm32f103cbtx_board/Core/Src/adc.c **** /* USER CODE BEGIN Header */
   2:board/stm32f103cbtx_board/Core/Src/adc.c **** /**
   3:board/stm32f103cbtx_board/Core/Src/adc.c ****   ******************************************************************************
   4:board/stm32f103cbtx_board/Core/Src/adc.c ****   * @file    adc.c
   5:board/stm32f103cbtx_board/Core/Src/adc.c ****   * @brief   This file provides code for the configuration
   6:board/stm32f103cbtx_board/Core/Src/adc.c ****   *          of the ADC instances.
   7:board/stm32f103cbtx_board/Core/Src/adc.c ****   ******************************************************************************
   8:board/stm32f103cbtx_board/Core/Src/adc.c ****   * @attention
   9:board/stm32f103cbtx_board/Core/Src/adc.c ****   *
  10:board/stm32f103cbtx_board/Core/Src/adc.c ****   * Copyright (c) 2024 STMicroelectronics.
  11:board/stm32f103cbtx_board/Core/Src/adc.c ****   * All rights reserved.
  12:board/stm32f103cbtx_board/Core/Src/adc.c ****   *
  13:board/stm32f103cbtx_board/Core/Src/adc.c ****   * This software is licensed under terms that can be found in the LICENSE file
  14:board/stm32f103cbtx_board/Core/Src/adc.c ****   * in the root directory of this software component.
  15:board/stm32f103cbtx_board/Core/Src/adc.c ****   * If no LICENSE file comes with this software, it is provided AS-IS.
  16:board/stm32f103cbtx_board/Core/Src/adc.c ****   *
  17:board/stm32f103cbtx_board/Core/Src/adc.c ****   ******************************************************************************
  18:board/stm32f103cbtx_board/Core/Src/adc.c ****   */
  19:board/stm32f103cbtx_board/Core/Src/adc.c **** /* USER CODE END Header */
  20:board/stm32f103cbtx_board/Core/Src/adc.c **** /* Includes ------------------------------------------------------------------*/
  21:board/stm32f103cbtx_board/Core/Src/adc.c **** #include "adc.h"
  22:board/stm32f103cbtx_board/Core/Src/adc.c **** 
  23:board/stm32f103cbtx_board/Core/Src/adc.c **** /* USER CODE BEGIN 0 */
  24:board/stm32f103cbtx_board/Core/Src/adc.c **** 
  25:board/stm32f103cbtx_board/Core/Src/adc.c **** /* USER CODE END 0 */
  26:board/stm32f103cbtx_board/Core/Src/adc.c **** 
  27:board/stm32f103cbtx_board/Core/Src/adc.c **** ADC_HandleTypeDef hadc1;
  28:board/stm32f103cbtx_board/Core/Src/adc.c **** DMA_HandleTypeDef hdma_adc1;
  29:board/stm32f103cbtx_board/Core/Src/adc.c **** 
  30:board/stm32f103cbtx_board/Core/Src/adc.c **** /* ADC1 init function */
  31:board/stm32f103cbtx_board/Core/Src/adc.c **** void MX_ADC1_Init(void)
  32:board/stm32f103cbtx_board/Core/Src/adc.c **** {
ARM GAS  C:\Users\vanlo\AppData\Local\Temp\ccXCAw1j.s 			page 2


  27              		.loc 1 32 1 view -0
  28              		.cfi_startproc
  29              		@ args = 0, pretend = 0, frame = 16
  30              		@ frame_needed = 0, uses_anonymous_args = 0
  31 0000 00B5     		push	{lr}
  32              	.LCFI0:
  33              		.cfi_def_cfa_offset 4
  34              		.cfi_offset 14, -4
  35 0002 85B0     		sub	sp, sp, #20
  36              	.LCFI1:
  37              		.cfi_def_cfa_offset 24
  33:board/stm32f103cbtx_board/Core/Src/adc.c **** 
  34:board/stm32f103cbtx_board/Core/Src/adc.c ****   /* USER CODE BEGIN ADC1_Init 0 */
  35:board/stm32f103cbtx_board/Core/Src/adc.c **** 
  36:board/stm32f103cbtx_board/Core/Src/adc.c ****   /* USER CODE END ADC1_Init 0 */
  37:board/stm32f103cbtx_board/Core/Src/adc.c **** 
  38:board/stm32f103cbtx_board/Core/Src/adc.c ****   ADC_ChannelConfTypeDef sConfig = {0};
  38              		.loc 1 38 3 view .LVU1
  39              		.loc 1 38 26 is_stmt 0 view .LVU2
  40 0004 0023     		movs	r3, #0
  41 0006 0193     		str	r3, [sp, #4]
  42 0008 0293     		str	r3, [sp, #8]
  43 000a 0393     		str	r3, [sp, #12]
  39:board/stm32f103cbtx_board/Core/Src/adc.c **** 
  40:board/stm32f103cbtx_board/Core/Src/adc.c ****   /* USER CODE BEGIN ADC1_Init 1 */
  41:board/stm32f103cbtx_board/Core/Src/adc.c **** 
  42:board/stm32f103cbtx_board/Core/Src/adc.c ****   /* USER CODE END ADC1_Init 1 */
  43:board/stm32f103cbtx_board/Core/Src/adc.c **** 
  44:board/stm32f103cbtx_board/Core/Src/adc.c ****   /** Common config
  45:board/stm32f103cbtx_board/Core/Src/adc.c ****   */
  46:board/stm32f103cbtx_board/Core/Src/adc.c ****   hadc1.Instance = ADC1;
  44              		.loc 1 46 3 is_stmt 1 view .LVU3
  45              		.loc 1 46 18 is_stmt 0 view .LVU4
  46 000c 1748     		ldr	r0, .L9
  47 000e 184A     		ldr	r2, .L9+4
  48 0010 0260     		str	r2, [r0]
  47:board/stm32f103cbtx_board/Core/Src/adc.c ****   hadc1.Init.ScanConvMode = ADC_SCAN_ENABLE;
  49              		.loc 1 47 3 is_stmt 1 view .LVU5
  50              		.loc 1 47 27 is_stmt 0 view .LVU6
  51 0012 4FF48072 		mov	r2, #256
  52 0016 8260     		str	r2, [r0, #8]
  48:board/stm32f103cbtx_board/Core/Src/adc.c ****   hadc1.Init.ContinuousConvMode = DISABLE;
  53              		.loc 1 48 3 is_stmt 1 view .LVU7
  54              		.loc 1 48 33 is_stmt 0 view .LVU8
  55 0018 0373     		strb	r3, [r0, #12]
  49:board/stm32f103cbtx_board/Core/Src/adc.c ****   hadc1.Init.DiscontinuousConvMode = DISABLE;
  56              		.loc 1 49 3 is_stmt 1 view .LVU9
  57              		.loc 1 49 36 is_stmt 0 view .LVU10
  58 001a 0375     		strb	r3, [r0, #20]
  50:board/stm32f103cbtx_board/Core/Src/adc.c ****   hadc1.Init.ExternalTrigConv = ADC_EXTERNALTRIGCONV_T3_TRGO;
  59              		.loc 1 50 3 is_stmt 1 view .LVU11
  60              		.loc 1 50 31 is_stmt 0 view .LVU12
  61 001c 4FF40022 		mov	r2, #524288
  62 0020 C261     		str	r2, [r0, #28]
  51:board/stm32f103cbtx_board/Core/Src/adc.c ****   hadc1.Init.DataAlign = ADC_DATAALIGN_RIGHT;
  63              		.loc 1 51 3 is_stmt 1 view .LVU13
  64              		.loc 1 51 24 is_stmt 0 view .LVU14
ARM GAS  C:\Users\vanlo\AppData\Local\Temp\ccXCAw1j.s 			page 3


  65 0022 4360     		str	r3, [r0, #4]
  52:board/stm32f103cbtx_board/Core/Src/adc.c ****   hadc1.Init.NbrOfConversion = 2;
  66              		.loc 1 52 3 is_stmt 1 view .LVU15
  67              		.loc 1 52 30 is_stmt 0 view .LVU16
  68 0024 0223     		movs	r3, #2
  69 0026 0361     		str	r3, [r0, #16]
  53:board/stm32f103cbtx_board/Core/Src/adc.c ****   if (HAL_ADC_Init(&hadc1) != HAL_OK)
  70              		.loc 1 53 3 is_stmt 1 view .LVU17
  71              		.loc 1 53 7 is_stmt 0 view .LVU18
  72 0028 FFF7FEFF 		bl	HAL_ADC_Init
  73              	.LVL0:
  74              		.loc 1 53 6 view .LVU19
  75 002c A0B9     		cbnz	r0, .L6
  76              	.L2:
  54:board/stm32f103cbtx_board/Core/Src/adc.c ****   {
  55:board/stm32f103cbtx_board/Core/Src/adc.c ****     Error_Handler();
  56:board/stm32f103cbtx_board/Core/Src/adc.c ****   }
  57:board/stm32f103cbtx_board/Core/Src/adc.c **** 
  58:board/stm32f103cbtx_board/Core/Src/adc.c ****   /** Configure Regular Channel
  59:board/stm32f103cbtx_board/Core/Src/adc.c ****   */
  60:board/stm32f103cbtx_board/Core/Src/adc.c ****   sConfig.Channel = ADC_CHANNEL_1;
  77              		.loc 1 60 3 is_stmt 1 view .LVU20
  78              		.loc 1 60 19 is_stmt 0 view .LVU21
  79 002e 0123     		movs	r3, #1
  80 0030 0193     		str	r3, [sp, #4]
  61:board/stm32f103cbtx_board/Core/Src/adc.c ****   sConfig.Rank = ADC_REGULAR_RANK_1;
  81              		.loc 1 61 3 is_stmt 1 view .LVU22
  82              		.loc 1 61 16 is_stmt 0 view .LVU23
  83 0032 0293     		str	r3, [sp, #8]
  62:board/stm32f103cbtx_board/Core/Src/adc.c ****   sConfig.SamplingTime = ADC_SAMPLETIME_7CYCLES_5;
  84              		.loc 1 62 3 is_stmt 1 view .LVU24
  85              		.loc 1 62 24 is_stmt 0 view .LVU25
  86 0034 0393     		str	r3, [sp, #12]
  63:board/stm32f103cbtx_board/Core/Src/adc.c ****   if (HAL_ADC_ConfigChannel(&hadc1, &sConfig) != HAL_OK)
  87              		.loc 1 63 3 is_stmt 1 view .LVU26
  88              		.loc 1 63 7 is_stmt 0 view .LVU27
  89 0036 01A9     		add	r1, sp, #4
  90 0038 0C48     		ldr	r0, .L9
  91 003a FFF7FEFF 		bl	HAL_ADC_ConfigChannel
  92              	.LVL1:
  93              		.loc 1 63 6 view .LVU28
  94 003e 70B9     		cbnz	r0, .L7
  95              	.L3:
  64:board/stm32f103cbtx_board/Core/Src/adc.c ****   {
  65:board/stm32f103cbtx_board/Core/Src/adc.c ****     Error_Handler();
  66:board/stm32f103cbtx_board/Core/Src/adc.c ****   }
  67:board/stm32f103cbtx_board/Core/Src/adc.c **** 
  68:board/stm32f103cbtx_board/Core/Src/adc.c ****   /** Configure Regular Channel
  69:board/stm32f103cbtx_board/Core/Src/adc.c ****   */
  70:board/stm32f103cbtx_board/Core/Src/adc.c ****   sConfig.Channel = ADC_CHANNEL_0;
  96              		.loc 1 70 3 is_stmt 1 view .LVU29
  97              		.loc 1 70 19 is_stmt 0 view .LVU30
  98 0040 0023     		movs	r3, #0
  99 0042 0193     		str	r3, [sp, #4]
  71:board/stm32f103cbtx_board/Core/Src/adc.c ****   sConfig.Rank = ADC_REGULAR_RANK_2;
 100              		.loc 1 71 3 is_stmt 1 view .LVU31
 101              		.loc 1 71 16 is_stmt 0 view .LVU32
ARM GAS  C:\Users\vanlo\AppData\Local\Temp\ccXCAw1j.s 			page 4


 102 0044 0223     		movs	r3, #2
 103 0046 0293     		str	r3, [sp, #8]
  72:board/stm32f103cbtx_board/Core/Src/adc.c ****   if (HAL_ADC_ConfigChannel(&hadc1, &sConfig) != HAL_OK)
 104              		.loc 1 72 3 is_stmt 1 view .LVU33
 105              		.loc 1 72 7 is_stmt 0 view .LVU34
 106 0048 01A9     		add	r1, sp, #4
 107 004a 0848     		ldr	r0, .L9
 108 004c FFF7FEFF 		bl	HAL_ADC_ConfigChannel
 109              	.LVL2:
 110              		.loc 1 72 6 view .LVU35
 111 0050 40B9     		cbnz	r0, .L8
 112              	.L1:
  73:board/stm32f103cbtx_board/Core/Src/adc.c ****   {
  74:board/stm32f103cbtx_board/Core/Src/adc.c ****     Error_Handler();
  75:board/stm32f103cbtx_board/Core/Src/adc.c ****   }
  76:board/stm32f103cbtx_board/Core/Src/adc.c ****   /* USER CODE BEGIN ADC1_Init 2 */
  77:board/stm32f103cbtx_board/Core/Src/adc.c **** 
  78:board/stm32f103cbtx_board/Core/Src/adc.c ****   /* USER CODE END ADC1_Init 2 */
  79:board/stm32f103cbtx_board/Core/Src/adc.c **** 
  80:board/stm32f103cbtx_board/Core/Src/adc.c **** }
 113              		.loc 1 80 1 view .LVU36
 114 0052 05B0     		add	sp, sp, #20
 115              	.LCFI2:
 116              		.cfi_remember_state
 117              		.cfi_def_cfa_offset 4
 118              		@ sp needed
 119 0054 5DF804FB 		ldr	pc, [sp], #4
 120              	.L6:
 121              	.LCFI3:
 122              		.cfi_restore_state
  55:board/stm32f103cbtx_board/Core/Src/adc.c ****   }
 123              		.loc 1 55 5 is_stmt 1 view .LVU37
 124 0058 FFF7FEFF 		bl	Error_Handler
 125              	.LVL3:
 126 005c E7E7     		b	.L2
 127              	.L7:
  65:board/stm32f103cbtx_board/Core/Src/adc.c ****   }
 128              		.loc 1 65 5 view .LVU38
 129 005e FFF7FEFF 		bl	Error_Handler
 130              	.LVL4:
 131 0062 EDE7     		b	.L3
 132              	.L8:
  74:board/stm32f103cbtx_board/Core/Src/adc.c ****   }
 133              		.loc 1 74 5 view .LVU39
 134 0064 FFF7FEFF 		bl	Error_Handler
 135              	.LVL5:
 136              		.loc 1 80 1 is_stmt 0 view .LVU40
 137 0068 F3E7     		b	.L1
 138              	.L10:
 139 006a 00BF     		.align	2
 140              	.L9:
 141 006c 00000000 		.word	.LANCHOR0
 142 0070 00240140 		.word	1073816576
 143              		.cfi_endproc
 144              	.LFE65:
 146              		.section	.text.HAL_ADC_MspInit,"ax",%progbits
 147              		.align	1
ARM GAS  C:\Users\vanlo\AppData\Local\Temp\ccXCAw1j.s 			page 5


 148              		.global	HAL_ADC_MspInit
 149              		.syntax unified
 150              		.thumb
 151              		.thumb_func
 153              	HAL_ADC_MspInit:
 154              	.LVL6:
 155              	.LFB66:
  81:board/stm32f103cbtx_board/Core/Src/adc.c **** 
  82:board/stm32f103cbtx_board/Core/Src/adc.c **** void HAL_ADC_MspInit(ADC_HandleTypeDef* adcHandle)
  83:board/stm32f103cbtx_board/Core/Src/adc.c **** {
 156              		.loc 1 83 1 is_stmt 1 view -0
 157              		.cfi_startproc
 158              		@ args = 0, pretend = 0, frame = 24
 159              		@ frame_needed = 0, uses_anonymous_args = 0
 160              		.loc 1 83 1 is_stmt 0 view .LVU42
 161 0000 10B5     		push	{r4, lr}
 162              	.LCFI4:
 163              		.cfi_def_cfa_offset 8
 164              		.cfi_offset 4, -8
 165              		.cfi_offset 14, -4
 166 0002 86B0     		sub	sp, sp, #24
 167              	.LCFI5:
 168              		.cfi_def_cfa_offset 32
  84:board/stm32f103cbtx_board/Core/Src/adc.c **** 
  85:board/stm32f103cbtx_board/Core/Src/adc.c ****   GPIO_InitTypeDef GPIO_InitStruct = {0};
 169              		.loc 1 85 3 is_stmt 1 view .LVU43
 170              		.loc 1 85 20 is_stmt 0 view .LVU44
 171 0004 0023     		movs	r3, #0
 172 0006 0293     		str	r3, [sp, #8]
 173 0008 0393     		str	r3, [sp, #12]
 174 000a 0493     		str	r3, [sp, #16]
 175 000c 0593     		str	r3, [sp, #20]
  86:board/stm32f103cbtx_board/Core/Src/adc.c ****   if(adcHandle->Instance==ADC1)
 176              		.loc 1 86 3 is_stmt 1 view .LVU45
 177              		.loc 1 86 15 is_stmt 0 view .LVU46
 178 000e 0268     		ldr	r2, [r0]
 179              		.loc 1 86 5 view .LVU47
 180 0010 1D4B     		ldr	r3, .L17
 181 0012 9A42     		cmp	r2, r3
 182 0014 01D0     		beq	.L15
 183              	.LVL7:
 184              	.L11:
  87:board/stm32f103cbtx_board/Core/Src/adc.c ****   {
  88:board/stm32f103cbtx_board/Core/Src/adc.c ****   /* USER CODE BEGIN ADC1_MspInit 0 */
  89:board/stm32f103cbtx_board/Core/Src/adc.c **** 
  90:board/stm32f103cbtx_board/Core/Src/adc.c ****   /* USER CODE END ADC1_MspInit 0 */
  91:board/stm32f103cbtx_board/Core/Src/adc.c ****     /* ADC1 clock enable */
  92:board/stm32f103cbtx_board/Core/Src/adc.c ****     __HAL_RCC_ADC1_CLK_ENABLE();
  93:board/stm32f103cbtx_board/Core/Src/adc.c **** 
  94:board/stm32f103cbtx_board/Core/Src/adc.c ****     __HAL_RCC_GPIOA_CLK_ENABLE();
  95:board/stm32f103cbtx_board/Core/Src/adc.c ****     /**ADC1 GPIO Configuration
  96:board/stm32f103cbtx_board/Core/Src/adc.c ****     PA0-WKUP     ------> ADC1_IN0
  97:board/stm32f103cbtx_board/Core/Src/adc.c ****     PA1     ------> ADC1_IN1
  98:board/stm32f103cbtx_board/Core/Src/adc.c ****     */
  99:board/stm32f103cbtx_board/Core/Src/adc.c ****     GPIO_InitStruct.Pin = GPIO_PIN_0|GPIO_PIN_1;
 100:board/stm32f103cbtx_board/Core/Src/adc.c ****     GPIO_InitStruct.Mode = GPIO_MODE_ANALOG;
 101:board/stm32f103cbtx_board/Core/Src/adc.c ****     HAL_GPIO_Init(GPIOA, &GPIO_InitStruct);
ARM GAS  C:\Users\vanlo\AppData\Local\Temp\ccXCAw1j.s 			page 6


 102:board/stm32f103cbtx_board/Core/Src/adc.c **** 
 103:board/stm32f103cbtx_board/Core/Src/adc.c ****     /* ADC1 DMA Init */
 104:board/stm32f103cbtx_board/Core/Src/adc.c ****     /* ADC1 Init */
 105:board/stm32f103cbtx_board/Core/Src/adc.c ****     hdma_adc1.Instance = DMA1_Channel1;
 106:board/stm32f103cbtx_board/Core/Src/adc.c ****     hdma_adc1.Init.Direction = DMA_PERIPH_TO_MEMORY;
 107:board/stm32f103cbtx_board/Core/Src/adc.c ****     hdma_adc1.Init.PeriphInc = DMA_PINC_DISABLE;
 108:board/stm32f103cbtx_board/Core/Src/adc.c ****     hdma_adc1.Init.MemInc = DMA_MINC_ENABLE;
 109:board/stm32f103cbtx_board/Core/Src/adc.c ****     hdma_adc1.Init.PeriphDataAlignment = DMA_PDATAALIGN_WORD;
 110:board/stm32f103cbtx_board/Core/Src/adc.c ****     hdma_adc1.Init.MemDataAlignment = DMA_MDATAALIGN_WORD;
 111:board/stm32f103cbtx_board/Core/Src/adc.c ****     hdma_adc1.Init.Mode = DMA_CIRCULAR;
 112:board/stm32f103cbtx_board/Core/Src/adc.c ****     hdma_adc1.Init.Priority = DMA_PRIORITY_LOW;
 113:board/stm32f103cbtx_board/Core/Src/adc.c ****     if (HAL_DMA_Init(&hdma_adc1) != HAL_OK)
 114:board/stm32f103cbtx_board/Core/Src/adc.c ****     {
 115:board/stm32f103cbtx_board/Core/Src/adc.c ****       Error_Handler();
 116:board/stm32f103cbtx_board/Core/Src/adc.c ****     }
 117:board/stm32f103cbtx_board/Core/Src/adc.c **** 
 118:board/stm32f103cbtx_board/Core/Src/adc.c ****     __HAL_LINKDMA(adcHandle,DMA_Handle,hdma_adc1);
 119:board/stm32f103cbtx_board/Core/Src/adc.c **** 
 120:board/stm32f103cbtx_board/Core/Src/adc.c ****   /* USER CODE BEGIN ADC1_MspInit 1 */
 121:board/stm32f103cbtx_board/Core/Src/adc.c **** 
 122:board/stm32f103cbtx_board/Core/Src/adc.c ****   /* USER CODE END ADC1_MspInit 1 */
 123:board/stm32f103cbtx_board/Core/Src/adc.c ****   }
 124:board/stm32f103cbtx_board/Core/Src/adc.c **** }
 185              		.loc 1 124 1 view .LVU48
 186 0016 06B0     		add	sp, sp, #24
 187              	.LCFI6:
 188              		.cfi_remember_state
 189              		.cfi_def_cfa_offset 8
 190              		@ sp needed
 191 0018 10BD     		pop	{r4, pc}
 192              	.LVL8:
 193              	.L15:
 194              	.LCFI7:
 195              		.cfi_restore_state
 196              		.loc 1 124 1 view .LVU49
 197 001a 0446     		mov	r4, r0
  92:board/stm32f103cbtx_board/Core/Src/adc.c **** 
 198              		.loc 1 92 5 is_stmt 1 view .LVU50
 199              	.LBB2:
  92:board/stm32f103cbtx_board/Core/Src/adc.c **** 
 200              		.loc 1 92 5 view .LVU51
  92:board/stm32f103cbtx_board/Core/Src/adc.c **** 
 201              		.loc 1 92 5 view .LVU52
 202 001c 03F56C43 		add	r3, r3, #60416
 203 0020 9A69     		ldr	r2, [r3, #24]
 204 0022 42F40072 		orr	r2, r2, #512
 205 0026 9A61     		str	r2, [r3, #24]
  92:board/stm32f103cbtx_board/Core/Src/adc.c **** 
 206              		.loc 1 92 5 view .LVU53
 207 0028 9A69     		ldr	r2, [r3, #24]
 208 002a 02F40072 		and	r2, r2, #512
 209 002e 0092     		str	r2, [sp]
  92:board/stm32f103cbtx_board/Core/Src/adc.c **** 
 210              		.loc 1 92 5 view .LVU54
 211 0030 009A     		ldr	r2, [sp]
 212              	.LBE2:
  92:board/stm32f103cbtx_board/Core/Src/adc.c **** 
ARM GAS  C:\Users\vanlo\AppData\Local\Temp\ccXCAw1j.s 			page 7


 213              		.loc 1 92 5 view .LVU55
  94:board/stm32f103cbtx_board/Core/Src/adc.c ****     /**ADC1 GPIO Configuration
 214              		.loc 1 94 5 view .LVU56
 215              	.LBB3:
  94:board/stm32f103cbtx_board/Core/Src/adc.c ****     /**ADC1 GPIO Configuration
 216              		.loc 1 94 5 view .LVU57
  94:board/stm32f103cbtx_board/Core/Src/adc.c ****     /**ADC1 GPIO Configuration
 217              		.loc 1 94 5 view .LVU58
 218 0032 9A69     		ldr	r2, [r3, #24]
 219 0034 42F00402 		orr	r2, r2, #4
 220 0038 9A61     		str	r2, [r3, #24]
  94:board/stm32f103cbtx_board/Core/Src/adc.c ****     /**ADC1 GPIO Configuration
 221              		.loc 1 94 5 view .LVU59
 222 003a 9B69     		ldr	r3, [r3, #24]
 223 003c 03F00403 		and	r3, r3, #4
 224 0040 0193     		str	r3, [sp, #4]
  94:board/stm32f103cbtx_board/Core/Src/adc.c ****     /**ADC1 GPIO Configuration
 225              		.loc 1 94 5 view .LVU60
 226 0042 019B     		ldr	r3, [sp, #4]
 227              	.LBE3:
  94:board/stm32f103cbtx_board/Core/Src/adc.c ****     /**ADC1 GPIO Configuration
 228              		.loc 1 94 5 view .LVU61
  99:board/stm32f103cbtx_board/Core/Src/adc.c ****     GPIO_InitStruct.Mode = GPIO_MODE_ANALOG;
 229              		.loc 1 99 5 view .LVU62
  99:board/stm32f103cbtx_board/Core/Src/adc.c ****     GPIO_InitStruct.Mode = GPIO_MODE_ANALOG;
 230              		.loc 1 99 25 is_stmt 0 view .LVU63
 231 0044 0323     		movs	r3, #3
 232 0046 0293     		str	r3, [sp, #8]
 100:board/stm32f103cbtx_board/Core/Src/adc.c ****     HAL_GPIO_Init(GPIOA, &GPIO_InitStruct);
 233              		.loc 1 100 5 is_stmt 1 view .LVU64
 100:board/stm32f103cbtx_board/Core/Src/adc.c ****     HAL_GPIO_Init(GPIOA, &GPIO_InitStruct);
 234              		.loc 1 100 26 is_stmt 0 view .LVU65
 235 0048 0393     		str	r3, [sp, #12]
 101:board/stm32f103cbtx_board/Core/Src/adc.c **** 
 236              		.loc 1 101 5 is_stmt 1 view .LVU66
 237 004a 02A9     		add	r1, sp, #8
 238 004c 0F48     		ldr	r0, .L17+4
 239              	.LVL9:
 101:board/stm32f103cbtx_board/Core/Src/adc.c **** 
 240              		.loc 1 101 5 is_stmt 0 view .LVU67
 241 004e FFF7FEFF 		bl	HAL_GPIO_Init
 242              	.LVL10:
 105:board/stm32f103cbtx_board/Core/Src/adc.c ****     hdma_adc1.Init.Direction = DMA_PERIPH_TO_MEMORY;
 243              		.loc 1 105 5 is_stmt 1 view .LVU68
 105:board/stm32f103cbtx_board/Core/Src/adc.c ****     hdma_adc1.Init.Direction = DMA_PERIPH_TO_MEMORY;
 244              		.loc 1 105 24 is_stmt 0 view .LVU69
 245 0052 0F48     		ldr	r0, .L17+8
 246 0054 0F4B     		ldr	r3, .L17+12
 247 0056 0360     		str	r3, [r0]
 106:board/stm32f103cbtx_board/Core/Src/adc.c ****     hdma_adc1.Init.PeriphInc = DMA_PINC_DISABLE;
 248              		.loc 1 106 5 is_stmt 1 view .LVU70
 106:board/stm32f103cbtx_board/Core/Src/adc.c ****     hdma_adc1.Init.PeriphInc = DMA_PINC_DISABLE;
 249              		.loc 1 106 30 is_stmt 0 view .LVU71
 250 0058 0023     		movs	r3, #0
 251 005a 4360     		str	r3, [r0, #4]
 107:board/stm32f103cbtx_board/Core/Src/adc.c ****     hdma_adc1.Init.MemInc = DMA_MINC_ENABLE;
 252              		.loc 1 107 5 is_stmt 1 view .LVU72
ARM GAS  C:\Users\vanlo\AppData\Local\Temp\ccXCAw1j.s 			page 8


 107:board/stm32f103cbtx_board/Core/Src/adc.c ****     hdma_adc1.Init.MemInc = DMA_MINC_ENABLE;
 253              		.loc 1 107 30 is_stmt 0 view .LVU73
 254 005c 8360     		str	r3, [r0, #8]
 108:board/stm32f103cbtx_board/Core/Src/adc.c ****     hdma_adc1.Init.PeriphDataAlignment = DMA_PDATAALIGN_WORD;
 255              		.loc 1 108 5 is_stmt 1 view .LVU74
 108:board/stm32f103cbtx_board/Core/Src/adc.c ****     hdma_adc1.Init.PeriphDataAlignment = DMA_PDATAALIGN_WORD;
 256              		.loc 1 108 27 is_stmt 0 view .LVU75
 257 005e 8022     		movs	r2, #128
 258 0060 C260     		str	r2, [r0, #12]
 109:board/stm32f103cbtx_board/Core/Src/adc.c ****     hdma_adc1.Init.MemDataAlignment = DMA_MDATAALIGN_WORD;
 259              		.loc 1 109 5 is_stmt 1 view .LVU76
 109:board/stm32f103cbtx_board/Core/Src/adc.c ****     hdma_adc1.Init.MemDataAlignment = DMA_MDATAALIGN_WORD;
 260              		.loc 1 109 40 is_stmt 0 view .LVU77
 261 0062 4FF40072 		mov	r2, #512
 262 0066 0261     		str	r2, [r0, #16]
 110:board/stm32f103cbtx_board/Core/Src/adc.c ****     hdma_adc1.Init.Mode = DMA_CIRCULAR;
 263              		.loc 1 110 5 is_stmt 1 view .LVU78
 110:board/stm32f103cbtx_board/Core/Src/adc.c ****     hdma_adc1.Init.Mode = DMA_CIRCULAR;
 264              		.loc 1 110 37 is_stmt 0 view .LVU79
 265 0068 4FF40062 		mov	r2, #2048
 266 006c 4261     		str	r2, [r0, #20]
 111:board/stm32f103cbtx_board/Core/Src/adc.c ****     hdma_adc1.Init.Priority = DMA_PRIORITY_LOW;
 267              		.loc 1 111 5 is_stmt 1 view .LVU80
 111:board/stm32f103cbtx_board/Core/Src/adc.c ****     hdma_adc1.Init.Priority = DMA_PRIORITY_LOW;
 268              		.loc 1 111 25 is_stmt 0 view .LVU81
 269 006e 2022     		movs	r2, #32
 270 0070 8261     		str	r2, [r0, #24]
 112:board/stm32f103cbtx_board/Core/Src/adc.c ****     if (HAL_DMA_Init(&hdma_adc1) != HAL_OK)
 271              		.loc 1 112 5 is_stmt 1 view .LVU82
 112:board/stm32f103cbtx_board/Core/Src/adc.c ****     if (HAL_DMA_Init(&hdma_adc1) != HAL_OK)
 272              		.loc 1 112 29 is_stmt 0 view .LVU83
 273 0072 C361     		str	r3, [r0, #28]
 113:board/stm32f103cbtx_board/Core/Src/adc.c ****     {
 274              		.loc 1 113 5 is_stmt 1 view .LVU84
 113:board/stm32f103cbtx_board/Core/Src/adc.c ****     {
 275              		.loc 1 113 9 is_stmt 0 view .LVU85
 276 0074 FFF7FEFF 		bl	HAL_DMA_Init
 277              	.LVL11:
 113:board/stm32f103cbtx_board/Core/Src/adc.c ****     {
 278              		.loc 1 113 8 view .LVU86
 279 0078 18B9     		cbnz	r0, .L16
 280              	.L13:
 118:board/stm32f103cbtx_board/Core/Src/adc.c **** 
 281              		.loc 1 118 5 is_stmt 1 view .LVU87
 118:board/stm32f103cbtx_board/Core/Src/adc.c **** 
 282              		.loc 1 118 5 view .LVU88
 283 007a 054B     		ldr	r3, .L17+8
 284 007c 2362     		str	r3, [r4, #32]
 118:board/stm32f103cbtx_board/Core/Src/adc.c **** 
 285              		.loc 1 118 5 view .LVU89
 286 007e 5C62     		str	r4, [r3, #36]
 118:board/stm32f103cbtx_board/Core/Src/adc.c **** 
 287              		.loc 1 118 5 view .LVU90
 288              		.loc 1 124 1 is_stmt 0 view .LVU91
 289 0080 C9E7     		b	.L11
 290              	.L16:
 115:board/stm32f103cbtx_board/Core/Src/adc.c ****     }
ARM GAS  C:\Users\vanlo\AppData\Local\Temp\ccXCAw1j.s 			page 9


 291              		.loc 1 115 7 is_stmt 1 view .LVU92
 292 0082 FFF7FEFF 		bl	Error_Handler
 293              	.LVL12:
 294 0086 F8E7     		b	.L13
 295              	.L18:
 296              		.align	2
 297              	.L17:
 298 0088 00240140 		.word	1073816576
 299 008c 00080140 		.word	1073809408
 300 0090 00000000 		.word	.LANCHOR1
 301 0094 08000240 		.word	1073872904
 302              		.cfi_endproc
 303              	.LFE66:
 305              		.section	.text.HAL_ADC_MspDeInit,"ax",%progbits
 306              		.align	1
 307              		.global	HAL_ADC_MspDeInit
 308              		.syntax unified
 309              		.thumb
 310              		.thumb_func
 312              	HAL_ADC_MspDeInit:
 313              	.LVL13:
 314              	.LFB67:
 125:board/stm32f103cbtx_board/Core/Src/adc.c **** 
 126:board/stm32f103cbtx_board/Core/Src/adc.c **** void HAL_ADC_MspDeInit(ADC_HandleTypeDef* adcHandle)
 127:board/stm32f103cbtx_board/Core/Src/adc.c **** {
 315              		.loc 1 127 1 view -0
 316              		.cfi_startproc
 317              		@ args = 0, pretend = 0, frame = 0
 318              		@ frame_needed = 0, uses_anonymous_args = 0
 128:board/stm32f103cbtx_board/Core/Src/adc.c **** 
 129:board/stm32f103cbtx_board/Core/Src/adc.c ****   if(adcHandle->Instance==ADC1)
 319              		.loc 1 129 3 view .LVU94
 320              		.loc 1 129 15 is_stmt 0 view .LVU95
 321 0000 0268     		ldr	r2, [r0]
 322              		.loc 1 129 5 view .LVU96
 323 0002 094B     		ldr	r3, .L26
 324 0004 9A42     		cmp	r2, r3
 325 0006 00D0     		beq	.L25
 326 0008 7047     		bx	lr
 327              	.L25:
 127:board/stm32f103cbtx_board/Core/Src/adc.c **** 
 328              		.loc 1 127 1 view .LVU97
 329 000a 10B5     		push	{r4, lr}
 330              	.LCFI8:
 331              		.cfi_def_cfa_offset 8
 332              		.cfi_offset 4, -8
 333              		.cfi_offset 14, -4
 334 000c 0446     		mov	r4, r0
 130:board/stm32f103cbtx_board/Core/Src/adc.c ****   {
 131:board/stm32f103cbtx_board/Core/Src/adc.c ****   /* USER CODE BEGIN ADC1_MspDeInit 0 */
 132:board/stm32f103cbtx_board/Core/Src/adc.c **** 
 133:board/stm32f103cbtx_board/Core/Src/adc.c ****   /* USER CODE END ADC1_MspDeInit 0 */
 134:board/stm32f103cbtx_board/Core/Src/adc.c ****     /* Peripheral clock disable */
 135:board/stm32f103cbtx_board/Core/Src/adc.c ****     __HAL_RCC_ADC1_CLK_DISABLE();
 335              		.loc 1 135 5 is_stmt 1 view .LVU98
 336 000e 074A     		ldr	r2, .L26+4
 337 0010 9369     		ldr	r3, [r2, #24]
ARM GAS  C:\Users\vanlo\AppData\Local\Temp\ccXCAw1j.s 			page 10


 338 0012 23F40073 		bic	r3, r3, #512
 339 0016 9361     		str	r3, [r2, #24]
 136:board/stm32f103cbtx_board/Core/Src/adc.c **** 
 137:board/stm32f103cbtx_board/Core/Src/adc.c ****     /**ADC1 GPIO Configuration
 138:board/stm32f103cbtx_board/Core/Src/adc.c ****     PA0-WKUP     ------> ADC1_IN0
 139:board/stm32f103cbtx_board/Core/Src/adc.c ****     PA1     ------> ADC1_IN1
 140:board/stm32f103cbtx_board/Core/Src/adc.c ****     */
 141:board/stm32f103cbtx_board/Core/Src/adc.c ****     HAL_GPIO_DeInit(GPIOA, GPIO_PIN_0|GPIO_PIN_1);
 340              		.loc 1 141 5 view .LVU99
 341 0018 0321     		movs	r1, #3
 342 001a 0548     		ldr	r0, .L26+8
 343              	.LVL14:
 344              		.loc 1 141 5 is_stmt 0 view .LVU100
 345 001c FFF7FEFF 		bl	HAL_GPIO_DeInit
 346              	.LVL15:
 142:board/stm32f103cbtx_board/Core/Src/adc.c **** 
 143:board/stm32f103cbtx_board/Core/Src/adc.c ****     /* ADC1 DMA DeInit */
 144:board/stm32f103cbtx_board/Core/Src/adc.c ****     HAL_DMA_DeInit(adcHandle->DMA_Handle);
 347              		.loc 1 144 5 is_stmt 1 view .LVU101
 348 0020 206A     		ldr	r0, [r4, #32]
 349 0022 FFF7FEFF 		bl	HAL_DMA_DeInit
 350              	.LVL16:
 145:board/stm32f103cbtx_board/Core/Src/adc.c ****   /* USER CODE BEGIN ADC1_MspDeInit 1 */
 146:board/stm32f103cbtx_board/Core/Src/adc.c **** 
 147:board/stm32f103cbtx_board/Core/Src/adc.c ****   /* USER CODE END ADC1_MspDeInit 1 */
 148:board/stm32f103cbtx_board/Core/Src/adc.c ****   }
 149:board/stm32f103cbtx_board/Core/Src/adc.c **** }
 351              		.loc 1 149 1 is_stmt 0 view .LVU102
 352 0026 10BD     		pop	{r4, pc}
 353              	.LVL17:
 354              	.L27:
 355              		.loc 1 149 1 view .LVU103
 356              		.align	2
 357              	.L26:
 358 0028 00240140 		.word	1073816576
 359 002c 00100240 		.word	1073876992
 360 0030 00080140 		.word	1073809408
 361              		.cfi_endproc
 362              	.LFE67:
 364              		.global	hdma_adc1
 365              		.global	hadc1
 366              		.section	.bss.hadc1,"aw",%nobits
 367              		.align	2
 368              		.set	.LANCHOR0,. + 0
 371              	hadc1:
 372 0000 00000000 		.space	48
 372      00000000 
 372      00000000 
 372      00000000 
 372      00000000 
 373              		.section	.bss.hdma_adc1,"aw",%nobits
 374              		.align	2
 375              		.set	.LANCHOR1,. + 0
 378              	hdma_adc1:
 379 0000 00000000 		.space	68
 379      00000000 
 379      00000000 
ARM GAS  C:\Users\vanlo\AppData\Local\Temp\ccXCAw1j.s 			page 11


 379      00000000 
 379      00000000 
 380              		.text
 381              	.Letext0:
 382              		.file 2 "c:\\st\\stm32cubeide_1.12.1\\stm32cubeide\\plugins\\com.st.stm32cube.ide.mcu.externaltool
 383              		.file 3 "c:\\st\\stm32cubeide_1.12.1\\stm32cubeide\\plugins\\com.st.stm32cube.ide.mcu.externaltool
 384              		.file 4 "board/stm32f103cbtx_board/Drivers/CMSIS/Device/ST/STM32F1xx/Include/stm32f103xb.h"
 385              		.file 5 "board/stm32f103cbtx_board/Drivers/CMSIS/Device/ST/STM32F1xx/Include/stm32f1xx.h"
 386              		.file 6 "board/stm32f103cbtx_board/Drivers/STM32F1xx_HAL_Driver/Inc/stm32f1xx_hal_def.h"
 387              		.file 7 "board/stm32f103cbtx_board/Drivers/STM32F1xx_HAL_Driver/Inc/stm32f1xx_hal_gpio.h"
 388              		.file 8 "board/stm32f103cbtx_board/Drivers/STM32F1xx_HAL_Driver/Inc/stm32f1xx_hal_dma.h"
 389              		.file 9 "board/stm32f103cbtx_board/Drivers/STM32F1xx_HAL_Driver/Inc/stm32f1xx_hal_adc.h"
 390              		.file 10 "board/stm32f103cbtx_board/Core/Inc/adc.h"
 391              		.file 11 "board/stm32f103cbtx_board/Core/Extension/stm32_config.h"
ARM GAS  C:\Users\vanlo\AppData\Local\Temp\ccXCAw1j.s 			page 12


DEFINED SYMBOLS
                            *ABS*:0000000000000000 adc.c
C:\Users\vanlo\AppData\Local\Temp\ccXCAw1j.s:18     .text.MX_ADC1_Init:0000000000000000 $t
C:\Users\vanlo\AppData\Local\Temp\ccXCAw1j.s:24     .text.MX_ADC1_Init:0000000000000000 MX_ADC1_Init
C:\Users\vanlo\AppData\Local\Temp\ccXCAw1j.s:141    .text.MX_ADC1_Init:000000000000006c $d
C:\Users\vanlo\AppData\Local\Temp\ccXCAw1j.s:147    .text.HAL_ADC_MspInit:0000000000000000 $t
C:\Users\vanlo\AppData\Local\Temp\ccXCAw1j.s:153    .text.HAL_ADC_MspInit:0000000000000000 HAL_ADC_MspInit
C:\Users\vanlo\AppData\Local\Temp\ccXCAw1j.s:298    .text.HAL_ADC_MspInit:0000000000000088 $d
C:\Users\vanlo\AppData\Local\Temp\ccXCAw1j.s:306    .text.HAL_ADC_MspDeInit:0000000000000000 $t
C:\Users\vanlo\AppData\Local\Temp\ccXCAw1j.s:312    .text.HAL_ADC_MspDeInit:0000000000000000 HAL_ADC_MspDeInit
C:\Users\vanlo\AppData\Local\Temp\ccXCAw1j.s:358    .text.HAL_ADC_MspDeInit:0000000000000028 $d
C:\Users\vanlo\AppData\Local\Temp\ccXCAw1j.s:378    .bss.hdma_adc1:0000000000000000 hdma_adc1
C:\Users\vanlo\AppData\Local\Temp\ccXCAw1j.s:371    .bss.hadc1:0000000000000000 hadc1
C:\Users\vanlo\AppData\Local\Temp\ccXCAw1j.s:367    .bss.hadc1:0000000000000000 $d
C:\Users\vanlo\AppData\Local\Temp\ccXCAw1j.s:374    .bss.hdma_adc1:0000000000000000 $d

UNDEFINED SYMBOLS
HAL_ADC_Init
HAL_ADC_ConfigChannel
Error_Handler
HAL_GPIO_Init
HAL_DMA_Init
HAL_GPIO_DeInit
HAL_DMA_DeInit
