ARM GAS  C:\Users\vanlo\AppData\Local\Temp\ccOOMkAO.s 			page 1


   1              		.cpu cortex-m3
   2              		.arch armv7-m
   3              		.fpu softvfp
   4              		.eabi_attribute 20, 1
   5              		.eabi_attribute 21, 1
   6              		.eabi_attribute 23, 3
   7              		.eabi_attribute 24, 1
   8              		.eabi_attribute 25, 1
   9              		.eabi_attribute 26, 1
  10              		.eabi_attribute 30, 1
  11              		.eabi_attribute 34, 1
  12              		.eabi_attribute 18, 4
  13              		.file	"gpio.c"
  14              		.text
  15              	.Ltext0:
  16              		.cfi_sections	.debug_frame
  17              		.section	.text.MX_GPIO_Init,"ax",%progbits
  18              		.align	1
  19              		.global	MX_GPIO_Init
  20              		.syntax unified
  21              		.thumb
  22              		.thumb_func
  24              	MX_GPIO_Init:
  25              	.LFB681:
  26              		.file 1 "board/stm32f411ceux_board/Core/Src/gpio.c"
   1:board/stm32f411ceux_board/Core/Src/gpio.c **** /* USER CODE BEGIN Header */
   2:board/stm32f411ceux_board/Core/Src/gpio.c **** /**
   3:board/stm32f411ceux_board/Core/Src/gpio.c ****   ******************************************************************************
   4:board/stm32f411ceux_board/Core/Src/gpio.c ****   * @file    gpio.c
   5:board/stm32f411ceux_board/Core/Src/gpio.c ****   * @brief   This file provides code for the configuration
   6:board/stm32f411ceux_board/Core/Src/gpio.c ****   *          of all used GPIO pins.
   7:board/stm32f411ceux_board/Core/Src/gpio.c ****   ******************************************************************************
   8:board/stm32f411ceux_board/Core/Src/gpio.c ****   * @attention
   9:board/stm32f411ceux_board/Core/Src/gpio.c ****   *
  10:board/stm32f411ceux_board/Core/Src/gpio.c ****   * Copyright (c) 2024 STMicroelectronics.
  11:board/stm32f411ceux_board/Core/Src/gpio.c ****   * All rights reserved.
  12:board/stm32f411ceux_board/Core/Src/gpio.c ****   *
  13:board/stm32f411ceux_board/Core/Src/gpio.c ****   * This software is licensed under terms that can be found in the LICENSE file
  14:board/stm32f411ceux_board/Core/Src/gpio.c ****   * in the root directory of this software component.
  15:board/stm32f411ceux_board/Core/Src/gpio.c ****   * If no LICENSE file comes with this software, it is provided AS-IS.
  16:board/stm32f411ceux_board/Core/Src/gpio.c ****   *
  17:board/stm32f411ceux_board/Core/Src/gpio.c ****   ******************************************************************************
  18:board/stm32f411ceux_board/Core/Src/gpio.c ****   */
  19:board/stm32f411ceux_board/Core/Src/gpio.c **** /* USER CODE END Header */
  20:board/stm32f411ceux_board/Core/Src/gpio.c **** 
  21:board/stm32f411ceux_board/Core/Src/gpio.c **** /* Includes ------------------------------------------------------------------*/
  22:board/stm32f411ceux_board/Core/Src/gpio.c **** #include "gpio.h"
  23:board/stm32f411ceux_board/Core/Src/gpio.c **** 
  24:board/stm32f411ceux_board/Core/Src/gpio.c **** /* USER CODE BEGIN 0 */
  25:board/stm32f411ceux_board/Core/Src/gpio.c **** 
  26:board/stm32f411ceux_board/Core/Src/gpio.c **** /* USER CODE END 0 */
  27:board/stm32f411ceux_board/Core/Src/gpio.c **** 
  28:board/stm32f411ceux_board/Core/Src/gpio.c **** /*----------------------------------------------------------------------------*/
  29:board/stm32f411ceux_board/Core/Src/gpio.c **** /* Configure GPIO                                                             */
  30:board/stm32f411ceux_board/Core/Src/gpio.c **** /*----------------------------------------------------------------------------*/
  31:board/stm32f411ceux_board/Core/Src/gpio.c **** /* USER CODE BEGIN 1 */
  32:board/stm32f411ceux_board/Core/Src/gpio.c **** 
ARM GAS  C:\Users\vanlo\AppData\Local\Temp\ccOOMkAO.s 			page 2


  33:board/stm32f411ceux_board/Core/Src/gpio.c **** /* USER CODE END 1 */
  34:board/stm32f411ceux_board/Core/Src/gpio.c **** 
  35:board/stm32f411ceux_board/Core/Src/gpio.c **** /** Configure pins as
  36:board/stm32f411ceux_board/Core/Src/gpio.c ****         * Analog
  37:board/stm32f411ceux_board/Core/Src/gpio.c ****         * Input
  38:board/stm32f411ceux_board/Core/Src/gpio.c ****         * Output
  39:board/stm32f411ceux_board/Core/Src/gpio.c ****         * EVENT_OUT
  40:board/stm32f411ceux_board/Core/Src/gpio.c ****         * EXTI
  41:board/stm32f411ceux_board/Core/Src/gpio.c **** */
  42:board/stm32f411ceux_board/Core/Src/gpio.c **** void MX_GPIO_Init(void)
  43:board/stm32f411ceux_board/Core/Src/gpio.c **** {
  27              		.loc 1 43 1 view -0
  28              		.cfi_startproc
  29              		@ args = 0, pretend = 0, frame = 8
  30              		@ frame_needed = 0, uses_anonymous_args = 0
  31              		@ link register save eliminated.
  32 0000 82B0     		sub	sp, sp, #8
  33              	.LCFI0:
  34              		.cfi_def_cfa_offset 8
  44:board/stm32f411ceux_board/Core/Src/gpio.c **** 
  45:board/stm32f411ceux_board/Core/Src/gpio.c ****   /* GPIO Ports Clock Enable */
  46:board/stm32f411ceux_board/Core/Src/gpio.c ****   __HAL_RCC_GPIOC_CLK_ENABLE();
  35              		.loc 1 46 3 view .LVU1
  36              	.LBB2:
  37              		.loc 1 46 3 view .LVU2
  38 0002 0021     		movs	r1, #0
  39 0004 0091     		str	r1, [sp]
  40              		.loc 1 46 3 view .LVU3
  41 0006 0B4B     		ldr	r3, .L3
  42 0008 1A6B     		ldr	r2, [r3, #48]
  43 000a 42F00402 		orr	r2, r2, #4
  44 000e 1A63     		str	r2, [r3, #48]
  45              		.loc 1 46 3 view .LVU4
  46 0010 1A6B     		ldr	r2, [r3, #48]
  47 0012 02F00402 		and	r2, r2, #4
  48 0016 0092     		str	r2, [sp]
  49              		.loc 1 46 3 view .LVU5
  50 0018 009A     		ldr	r2, [sp]
  51              	.LBE2:
  52              		.loc 1 46 3 view .LVU6
  47:board/stm32f411ceux_board/Core/Src/gpio.c ****   __HAL_RCC_GPIOA_CLK_ENABLE();
  53              		.loc 1 47 3 view .LVU7
  54              	.LBB3:
  55              		.loc 1 47 3 view .LVU8
  56 001a 0191     		str	r1, [sp, #4]
  57              		.loc 1 47 3 view .LVU9
  58 001c 1A6B     		ldr	r2, [r3, #48]
  59 001e 42F00102 		orr	r2, r2, #1
  60 0022 1A63     		str	r2, [r3, #48]
  61              		.loc 1 47 3 view .LVU10
  62 0024 1B6B     		ldr	r3, [r3, #48]
  63 0026 03F00103 		and	r3, r3, #1
  64 002a 0193     		str	r3, [sp, #4]
  65              		.loc 1 47 3 view .LVU11
  66 002c 019B     		ldr	r3, [sp, #4]
  67              	.LBE3:
  68              		.loc 1 47 3 view .LVU12
ARM GAS  C:\Users\vanlo\AppData\Local\Temp\ccOOMkAO.s 			page 3


  48:board/stm32f411ceux_board/Core/Src/gpio.c **** 
  49:board/stm32f411ceux_board/Core/Src/gpio.c **** }
  69              		.loc 1 49 1 is_stmt 0 view .LVU13
  70 002e 02B0     		add	sp, sp, #8
  71              	.LCFI1:
  72              		.cfi_def_cfa_offset 0
  73              		@ sp needed
  74 0030 7047     		bx	lr
  75              	.L4:
  76 0032 00BF     		.align	2
  77              	.L3:
  78 0034 00380240 		.word	1073887232
  79              		.cfi_endproc
  80              	.LFE681:
  82              		.text
  83              	.Letext0:
  84              		.file 2 "c:\\st\\stm32cubeide_1.12.1\\stm32cubeide\\plugins\\com.st.stm32cube.ide.mcu.externaltool
  85              		.file 3 "c:\\st\\stm32cubeide_1.12.1\\stm32cubeide\\plugins\\com.st.stm32cube.ide.mcu.externaltool
  86              		.file 4 "board/stm32f411ceux_board/Drivers/CMSIS/Device/ST/STM32F4xx/Include/stm32f411xe.h"
  87              		.file 5 "board/stm32f411ceux_board/Drivers/STM32F4xx_HAL_Driver/Inc/stm32f4xx_ll_tim.h"
  88              		.file 6 "board/stm32f411ceux_board/Drivers/STM32F4xx_HAL_Driver/Inc/stm32f4xx_ll_dma.h"
ARM GAS  C:\Users\vanlo\AppData\Local\Temp\ccOOMkAO.s 			page 4


DEFINED SYMBOLS
                            *ABS*:0000000000000000 gpio.c
C:\Users\vanlo\AppData\Local\Temp\ccOOMkAO.s:18     .text.MX_GPIO_Init:0000000000000000 $t
C:\Users\vanlo\AppData\Local\Temp\ccOOMkAO.s:24     .text.MX_GPIO_Init:0000000000000000 MX_GPIO_Init
C:\Users\vanlo\AppData\Local\Temp\ccOOMkAO.s:78     .text.MX_GPIO_Init:0000000000000034 $d

NO UNDEFINED SYMBOLS
