ARM GAS  C:\Users\vanlo\AppData\Local\Temp\ccAVXfA9.s 			page 1


   1              		.cpu cortex-m3
   2              		.arch armv7-m
   3              		.fpu softvfp
   4              		.eabi_attribute 20, 1
   5              		.eabi_attribute 21, 1
   6              		.eabi_attribute 23, 3
   7              		.eabi_attribute 24, 1
   8              		.eabi_attribute 25, 1
   9              		.eabi_attribute 26, 1
  10              		.eabi_attribute 30, 1
  11              		.eabi_attribute 34, 1
  12              		.eabi_attribute 18, 4
  13              		.file	"stm32f4xx_hal_msp.c"
  14              		.text
  15              	.Ltext0:
  16              		.cfi_sections	.debug_frame
  17              		.section	.text.HAL_MspInit,"ax",%progbits
  18              		.align	1
  19              		.global	HAL_MspInit
  20              		.syntax unified
  21              		.thumb
  22              		.thumb_func
  24              	HAL_MspInit:
  25              	.LFB681:
  26              		.file 1 "board/stm32f411ceux_board/Core/Src/stm32f4xx_hal_msp.c"
   1:board/stm32f411ceux_board/Core/Src/stm32f4xx_hal_msp.c **** /* USER CODE BEGIN Header */
   2:board/stm32f411ceux_board/Core/Src/stm32f4xx_hal_msp.c **** /**
   3:board/stm32f411ceux_board/Core/Src/stm32f4xx_hal_msp.c ****   ******************************************************************************
   4:board/stm32f411ceux_board/Core/Src/stm32f4xx_hal_msp.c ****   * @file         stm32f4xx_hal_msp.c
   5:board/stm32f411ceux_board/Core/Src/stm32f4xx_hal_msp.c ****   * @brief        This file provides code for the MSP Initialization
   6:board/stm32f411ceux_board/Core/Src/stm32f4xx_hal_msp.c ****   *               and de-Initialization codes.
   7:board/stm32f411ceux_board/Core/Src/stm32f4xx_hal_msp.c ****   ******************************************************************************
   8:board/stm32f411ceux_board/Core/Src/stm32f4xx_hal_msp.c ****   * @attention
   9:board/stm32f411ceux_board/Core/Src/stm32f4xx_hal_msp.c ****   *
  10:board/stm32f411ceux_board/Core/Src/stm32f4xx_hal_msp.c ****   * Copyright (c) 2024 STMicroelectronics.
  11:board/stm32f411ceux_board/Core/Src/stm32f4xx_hal_msp.c ****   * All rights reserved.
  12:board/stm32f411ceux_board/Core/Src/stm32f4xx_hal_msp.c ****   *
  13:board/stm32f411ceux_board/Core/Src/stm32f4xx_hal_msp.c ****   * This software is licensed under terms that can be found in the LICENSE file
  14:board/stm32f411ceux_board/Core/Src/stm32f4xx_hal_msp.c ****   * in the root directory of this software component.
  15:board/stm32f411ceux_board/Core/Src/stm32f4xx_hal_msp.c ****   * If no LICENSE file comes with this software, it is provided AS-IS.
  16:board/stm32f411ceux_board/Core/Src/stm32f4xx_hal_msp.c ****   *
  17:board/stm32f411ceux_board/Core/Src/stm32f4xx_hal_msp.c ****   ******************************************************************************
  18:board/stm32f411ceux_board/Core/Src/stm32f4xx_hal_msp.c ****   */
  19:board/stm32f411ceux_board/Core/Src/stm32f4xx_hal_msp.c **** /* USER CODE END Header */
  20:board/stm32f411ceux_board/Core/Src/stm32f4xx_hal_msp.c **** 
  21:board/stm32f411ceux_board/Core/Src/stm32f4xx_hal_msp.c **** /* Includes ------------------------------------------------------------------*/
  22:board/stm32f411ceux_board/Core/Src/stm32f4xx_hal_msp.c **** //#include "main.h"
  23:board/stm32f411ceux_board/Core/Src/stm32f4xx_hal_msp.c **** /* USER CODE BEGIN Includes */
  24:board/stm32f411ceux_board/Core/Src/stm32f4xx_hal_msp.c **** #include "stm32_config.h"
  25:board/stm32f411ceux_board/Core/Src/stm32f4xx_hal_msp.c **** /* USER CODE END Includes */
  26:board/stm32f411ceux_board/Core/Src/stm32f4xx_hal_msp.c **** 
  27:board/stm32f411ceux_board/Core/Src/stm32f4xx_hal_msp.c **** /* Private typedef -----------------------------------------------------------*/
  28:board/stm32f411ceux_board/Core/Src/stm32f4xx_hal_msp.c **** /* USER CODE BEGIN TD */
  29:board/stm32f411ceux_board/Core/Src/stm32f4xx_hal_msp.c **** 
  30:board/stm32f411ceux_board/Core/Src/stm32f4xx_hal_msp.c **** /* USER CODE END TD */
  31:board/stm32f411ceux_board/Core/Src/stm32f4xx_hal_msp.c **** 
  32:board/stm32f411ceux_board/Core/Src/stm32f4xx_hal_msp.c **** /* Private define ------------------------------------------------------------*/
ARM GAS  C:\Users\vanlo\AppData\Local\Temp\ccAVXfA9.s 			page 2


  33:board/stm32f411ceux_board/Core/Src/stm32f4xx_hal_msp.c **** /* USER CODE BEGIN Define */
  34:board/stm32f411ceux_board/Core/Src/stm32f4xx_hal_msp.c **** 
  35:board/stm32f411ceux_board/Core/Src/stm32f4xx_hal_msp.c **** /* USER CODE END Define */
  36:board/stm32f411ceux_board/Core/Src/stm32f4xx_hal_msp.c **** 
  37:board/stm32f411ceux_board/Core/Src/stm32f4xx_hal_msp.c **** /* Private macro -------------------------------------------------------------*/
  38:board/stm32f411ceux_board/Core/Src/stm32f4xx_hal_msp.c **** /* USER CODE BEGIN Macro */
  39:board/stm32f411ceux_board/Core/Src/stm32f4xx_hal_msp.c **** 
  40:board/stm32f411ceux_board/Core/Src/stm32f4xx_hal_msp.c **** /* USER CODE END Macro */
  41:board/stm32f411ceux_board/Core/Src/stm32f4xx_hal_msp.c **** 
  42:board/stm32f411ceux_board/Core/Src/stm32f4xx_hal_msp.c **** /* Private variables ---------------------------------------------------------*/
  43:board/stm32f411ceux_board/Core/Src/stm32f4xx_hal_msp.c **** /* USER CODE BEGIN PV */
  44:board/stm32f411ceux_board/Core/Src/stm32f4xx_hal_msp.c **** 
  45:board/stm32f411ceux_board/Core/Src/stm32f4xx_hal_msp.c **** /* USER CODE END PV */
  46:board/stm32f411ceux_board/Core/Src/stm32f4xx_hal_msp.c **** 
  47:board/stm32f411ceux_board/Core/Src/stm32f4xx_hal_msp.c **** /* Private function prototypes -----------------------------------------------*/
  48:board/stm32f411ceux_board/Core/Src/stm32f4xx_hal_msp.c **** /* USER CODE BEGIN PFP */
  49:board/stm32f411ceux_board/Core/Src/stm32f4xx_hal_msp.c **** 
  50:board/stm32f411ceux_board/Core/Src/stm32f4xx_hal_msp.c **** /* USER CODE END PFP */
  51:board/stm32f411ceux_board/Core/Src/stm32f4xx_hal_msp.c **** 
  52:board/stm32f411ceux_board/Core/Src/stm32f4xx_hal_msp.c **** /* External functions --------------------------------------------------------*/
  53:board/stm32f411ceux_board/Core/Src/stm32f4xx_hal_msp.c **** /* USER CODE BEGIN ExternalFunctions */
  54:board/stm32f411ceux_board/Core/Src/stm32f4xx_hal_msp.c **** 
  55:board/stm32f411ceux_board/Core/Src/stm32f4xx_hal_msp.c **** /* USER CODE END ExternalFunctions */
  56:board/stm32f411ceux_board/Core/Src/stm32f4xx_hal_msp.c **** 
  57:board/stm32f411ceux_board/Core/Src/stm32f4xx_hal_msp.c **** /* USER CODE BEGIN 0 */
  58:board/stm32f411ceux_board/Core/Src/stm32f4xx_hal_msp.c **** 
  59:board/stm32f411ceux_board/Core/Src/stm32f4xx_hal_msp.c **** /* USER CODE END 0 */
  60:board/stm32f411ceux_board/Core/Src/stm32f4xx_hal_msp.c **** /**
  61:board/stm32f411ceux_board/Core/Src/stm32f4xx_hal_msp.c ****   * Initializes the Global MSP.
  62:board/stm32f411ceux_board/Core/Src/stm32f4xx_hal_msp.c ****   */
  63:board/stm32f411ceux_board/Core/Src/stm32f4xx_hal_msp.c **** void HAL_MspInit(void)
  64:board/stm32f411ceux_board/Core/Src/stm32f4xx_hal_msp.c **** {
  27              		.loc 1 64 1 view -0
  28              		.cfi_startproc
  29              		@ args = 0, pretend = 0, frame = 8
  30              		@ frame_needed = 0, uses_anonymous_args = 0
  31              		@ link register save eliminated.
  32 0000 82B0     		sub	sp, sp, #8
  33              	.LCFI0:
  34              		.cfi_def_cfa_offset 8
  65:board/stm32f411ceux_board/Core/Src/stm32f4xx_hal_msp.c **** 
  66:board/stm32f411ceux_board/Core/Src/stm32f4xx_hal_msp.c ****   /* USER CODE BEGIN MspInit 0 */
  67:board/stm32f411ceux_board/Core/Src/stm32f4xx_hal_msp.c **** 
  68:board/stm32f411ceux_board/Core/Src/stm32f4xx_hal_msp.c ****   /* USER CODE END MspInit 0 */
  69:board/stm32f411ceux_board/Core/Src/stm32f4xx_hal_msp.c **** 
  70:board/stm32f411ceux_board/Core/Src/stm32f4xx_hal_msp.c ****   __HAL_RCC_SYSCFG_CLK_ENABLE();
  35              		.loc 1 70 3 view .LVU1
  36              	.LBB2:
  37              		.loc 1 70 3 view .LVU2
  38 0002 0021     		movs	r1, #0
  39 0004 0091     		str	r1, [sp]
  40              		.loc 1 70 3 view .LVU3
  41 0006 0B4B     		ldr	r3, .L3
  42 0008 5A6C     		ldr	r2, [r3, #68]
  43 000a 42F48042 		orr	r2, r2, #16384
  44 000e 5A64     		str	r2, [r3, #68]
  45              		.loc 1 70 3 view .LVU4
ARM GAS  C:\Users\vanlo\AppData\Local\Temp\ccAVXfA9.s 			page 3


  46 0010 5A6C     		ldr	r2, [r3, #68]
  47 0012 02F48042 		and	r2, r2, #16384
  48 0016 0092     		str	r2, [sp]
  49              		.loc 1 70 3 view .LVU5
  50 0018 009A     		ldr	r2, [sp]
  51              	.LBE2:
  52              		.loc 1 70 3 view .LVU6
  71:board/stm32f411ceux_board/Core/Src/stm32f4xx_hal_msp.c ****   __HAL_RCC_PWR_CLK_ENABLE();
  53              		.loc 1 71 3 view .LVU7
  54              	.LBB3:
  55              		.loc 1 71 3 view .LVU8
  56 001a 0191     		str	r1, [sp, #4]
  57              		.loc 1 71 3 view .LVU9
  58 001c 1A6C     		ldr	r2, [r3, #64]
  59 001e 42F08052 		orr	r2, r2, #268435456
  60 0022 1A64     		str	r2, [r3, #64]
  61              		.loc 1 71 3 view .LVU10
  62 0024 1B6C     		ldr	r3, [r3, #64]
  63 0026 03F08053 		and	r3, r3, #268435456
  64 002a 0193     		str	r3, [sp, #4]
  65              		.loc 1 71 3 view .LVU11
  66 002c 019B     		ldr	r3, [sp, #4]
  67              	.LBE3:
  68              		.loc 1 71 3 view .LVU12
  72:board/stm32f411ceux_board/Core/Src/stm32f4xx_hal_msp.c **** 
  73:board/stm32f411ceux_board/Core/Src/stm32f4xx_hal_msp.c ****   /* System interrupt init*/
  74:board/stm32f411ceux_board/Core/Src/stm32f4xx_hal_msp.c **** 
  75:board/stm32f411ceux_board/Core/Src/stm32f4xx_hal_msp.c ****   /* USER CODE BEGIN MspInit 1 */
  76:board/stm32f411ceux_board/Core/Src/stm32f4xx_hal_msp.c **** 
  77:board/stm32f411ceux_board/Core/Src/stm32f4xx_hal_msp.c ****   /* USER CODE END MspInit 1 */
  78:board/stm32f411ceux_board/Core/Src/stm32f4xx_hal_msp.c **** }
  69              		.loc 1 78 1 is_stmt 0 view .LVU13
  70 002e 02B0     		add	sp, sp, #8
  71              	.LCFI1:
  72              		.cfi_def_cfa_offset 0
  73              		@ sp needed
  74 0030 7047     		bx	lr
  75              	.L4:
  76 0032 00BF     		.align	2
  77              	.L3:
  78 0034 00380240 		.word	1073887232
  79              		.cfi_endproc
  80              	.LFE681:
  82              		.text
  83              	.Letext0:
  84              		.file 2 "c:\\st\\stm32cubeide_1.12.1\\stm32cubeide\\plugins\\com.st.stm32cube.ide.mcu.externaltool
  85              		.file 3 "c:\\st\\stm32cubeide_1.12.1\\stm32cubeide\\plugins\\com.st.stm32cube.ide.mcu.externaltool
  86              		.file 4 "board/stm32f411ceux_board/Drivers/CMSIS/Device/ST/STM32F4xx/Include/stm32f411xe.h"
  87              		.file 5 "board/stm32f411ceux_board/Drivers/STM32F4xx_HAL_Driver/Inc/stm32f4xx_ll_tim.h"
  88              		.file 6 "board/stm32f411ceux_board/Drivers/STM32F4xx_HAL_Driver/Inc/stm32f4xx_ll_dma.h"
ARM GAS  C:\Users\vanlo\AppData\Local\Temp\ccAVXfA9.s 			page 4


DEFINED SYMBOLS
                            *ABS*:0000000000000000 stm32f4xx_hal_msp.c
C:\Users\vanlo\AppData\Local\Temp\ccAVXfA9.s:18     .text.HAL_MspInit:0000000000000000 $t
C:\Users\vanlo\AppData\Local\Temp\ccAVXfA9.s:24     .text.HAL_MspInit:0000000000000000 HAL_MspInit
C:\Users\vanlo\AppData\Local\Temp\ccAVXfA9.s:78     .text.HAL_MspInit:0000000000000034 $d

NO UNDEFINED SYMBOLS
