ARM GAS  C:\Users\vanlo\AppData\Local\Temp\cci4u5KW.s 			page 1


   1              		.cpu cortex-m3
   2              		.arch armv7-m
   3              		.fpu softvfp
   4              		.eabi_attribute 20, 1
   5              		.eabi_attribute 21, 1
   6              		.eabi_attribute 23, 3
   7              		.eabi_attribute 24, 1
   8              		.eabi_attribute 25, 1
   9              		.eabi_attribute 26, 1
  10              		.eabi_attribute 30, 1
  11              		.eabi_attribute 34, 1
  12              		.eabi_attribute 18, 4
  13              		.file	"stm32f4xx_it.c"
  14              		.text
  15              	.Ltext0:
  16              		.cfi_sections	.debug_frame
  17              		.section	.text.NMI_Handler,"ax",%progbits
  18              		.align	1
  19              		.global	NMI_Handler
  20              		.syntax unified
  21              		.thumb
  22              		.thumb_func
  24              	NMI_Handler:
  25              	.LFB681:
  26              		.file 1 "board/stm32f411ceux_board/Core/Src/stm32f4xx_it.c"
   1:board/stm32f411ceux_board/Core/Src/stm32f4xx_it.c **** /* USER CODE BEGIN Header */
   2:board/stm32f411ceux_board/Core/Src/stm32f4xx_it.c **** /**
   3:board/stm32f411ceux_board/Core/Src/stm32f4xx_it.c ****   ******************************************************************************
   4:board/stm32f411ceux_board/Core/Src/stm32f4xx_it.c ****   * @file    stm32f4xx_it.c
   5:board/stm32f411ceux_board/Core/Src/stm32f4xx_it.c ****   * @brief   Interrupt Service Routines.
   6:board/stm32f411ceux_board/Core/Src/stm32f4xx_it.c ****   ******************************************************************************
   7:board/stm32f411ceux_board/Core/Src/stm32f4xx_it.c ****   * @attention
   8:board/stm32f411ceux_board/Core/Src/stm32f4xx_it.c ****   *
   9:board/stm32f411ceux_board/Core/Src/stm32f4xx_it.c ****   * Copyright (c) 2024 STMicroelectronics.
  10:board/stm32f411ceux_board/Core/Src/stm32f4xx_it.c ****   * All rights reserved.
  11:board/stm32f411ceux_board/Core/Src/stm32f4xx_it.c ****   *
  12:board/stm32f411ceux_board/Core/Src/stm32f4xx_it.c ****   * This software is licensed under terms that can be found in the LICENSE file
  13:board/stm32f411ceux_board/Core/Src/stm32f4xx_it.c ****   * in the root directory of this software component.
  14:board/stm32f411ceux_board/Core/Src/stm32f4xx_it.c ****   * If no LICENSE file comes with this software, it is provided AS-IS.
  15:board/stm32f411ceux_board/Core/Src/stm32f4xx_it.c ****   *
  16:board/stm32f411ceux_board/Core/Src/stm32f4xx_it.c ****   ******************************************************************************
  17:board/stm32f411ceux_board/Core/Src/stm32f4xx_it.c ****   */
  18:board/stm32f411ceux_board/Core/Src/stm32f4xx_it.c **** /* USER CODE END Header */
  19:board/stm32f411ceux_board/Core/Src/stm32f4xx_it.c **** 
  20:board/stm32f411ceux_board/Core/Src/stm32f4xx_it.c **** /* Includes ------------------------------------------------------------------*/
  21:board/stm32f411ceux_board/Core/Src/stm32f4xx_it.c **** //#include "main.h"
  22:board/stm32f411ceux_board/Core/Src/stm32f4xx_it.c **** #include "stm32f4xx_it.h"
  23:board/stm32f411ceux_board/Core/Src/stm32f4xx_it.c **** /* Private includes ----------------------------------------------------------*/
  24:board/stm32f411ceux_board/Core/Src/stm32f4xx_it.c **** /* USER CODE BEGIN Includes */
  25:board/stm32f411ceux_board/Core/Src/stm32f4xx_it.c **** #include "stm32_config.h"
  26:board/stm32f411ceux_board/Core/Src/stm32f4xx_it.c **** /* USER CODE END Includes */
  27:board/stm32f411ceux_board/Core/Src/stm32f4xx_it.c **** 
  28:board/stm32f411ceux_board/Core/Src/stm32f4xx_it.c **** /* Private typedef -----------------------------------------------------------*/
  29:board/stm32f411ceux_board/Core/Src/stm32f4xx_it.c **** /* USER CODE BEGIN TD */
  30:board/stm32f411ceux_board/Core/Src/stm32f4xx_it.c **** 
  31:board/stm32f411ceux_board/Core/Src/stm32f4xx_it.c **** /* USER CODE END TD */
  32:board/stm32f411ceux_board/Core/Src/stm32f4xx_it.c **** 
ARM GAS  C:\Users\vanlo\AppData\Local\Temp\cci4u5KW.s 			page 2


  33:board/stm32f411ceux_board/Core/Src/stm32f4xx_it.c **** /* Private define ------------------------------------------------------------*/
  34:board/stm32f411ceux_board/Core/Src/stm32f4xx_it.c **** /* USER CODE BEGIN PD */
  35:board/stm32f411ceux_board/Core/Src/stm32f4xx_it.c **** 
  36:board/stm32f411ceux_board/Core/Src/stm32f4xx_it.c **** /* USER CODE END PD */
  37:board/stm32f411ceux_board/Core/Src/stm32f4xx_it.c **** 
  38:board/stm32f411ceux_board/Core/Src/stm32f4xx_it.c **** /* Private macro -------------------------------------------------------------*/
  39:board/stm32f411ceux_board/Core/Src/stm32f4xx_it.c **** /* USER CODE BEGIN PM */
  40:board/stm32f411ceux_board/Core/Src/stm32f4xx_it.c **** 
  41:board/stm32f411ceux_board/Core/Src/stm32f4xx_it.c **** /* USER CODE END PM */
  42:board/stm32f411ceux_board/Core/Src/stm32f4xx_it.c **** 
  43:board/stm32f411ceux_board/Core/Src/stm32f4xx_it.c **** /* Private variables ---------------------------------------------------------*/
  44:board/stm32f411ceux_board/Core/Src/stm32f4xx_it.c **** /* USER CODE BEGIN PV */
  45:board/stm32f411ceux_board/Core/Src/stm32f4xx_it.c **** 
  46:board/stm32f411ceux_board/Core/Src/stm32f4xx_it.c **** /* USER CODE END PV */
  47:board/stm32f411ceux_board/Core/Src/stm32f4xx_it.c **** 
  48:board/stm32f411ceux_board/Core/Src/stm32f4xx_it.c **** /* Private function prototypes -----------------------------------------------*/
  49:board/stm32f411ceux_board/Core/Src/stm32f4xx_it.c **** /* USER CODE BEGIN PFP */
  50:board/stm32f411ceux_board/Core/Src/stm32f4xx_it.c **** 
  51:board/stm32f411ceux_board/Core/Src/stm32f4xx_it.c **** /* USER CODE END PFP */
  52:board/stm32f411ceux_board/Core/Src/stm32f4xx_it.c **** 
  53:board/stm32f411ceux_board/Core/Src/stm32f4xx_it.c **** /* Private user code ---------------------------------------------------------*/
  54:board/stm32f411ceux_board/Core/Src/stm32f4xx_it.c **** /* USER CODE BEGIN 0 */
  55:board/stm32f411ceux_board/Core/Src/stm32f4xx_it.c **** 
  56:board/stm32f411ceux_board/Core/Src/stm32f4xx_it.c **** /* USER CODE END 0 */
  57:board/stm32f411ceux_board/Core/Src/stm32f4xx_it.c **** 
  58:board/stm32f411ceux_board/Core/Src/stm32f4xx_it.c **** /* External variables --------------------------------------------------------*/
  59:board/stm32f411ceux_board/Core/Src/stm32f4xx_it.c **** 
  60:board/stm32f411ceux_board/Core/Src/stm32f4xx_it.c **** /* USER CODE BEGIN EV */
  61:board/stm32f411ceux_board/Core/Src/stm32f4xx_it.c **** 
  62:board/stm32f411ceux_board/Core/Src/stm32f4xx_it.c **** /* USER CODE END EV */
  63:board/stm32f411ceux_board/Core/Src/stm32f4xx_it.c **** 
  64:board/stm32f411ceux_board/Core/Src/stm32f4xx_it.c **** /******************************************************************************/
  65:board/stm32f411ceux_board/Core/Src/stm32f4xx_it.c **** /*           Cortex-M4 Processor Interruption and Exception Handlers          */
  66:board/stm32f411ceux_board/Core/Src/stm32f4xx_it.c **** /******************************************************************************/
  67:board/stm32f411ceux_board/Core/Src/stm32f4xx_it.c **** /**
  68:board/stm32f411ceux_board/Core/Src/stm32f4xx_it.c ****   * @brief This function handles Non maskable interrupt.
  69:board/stm32f411ceux_board/Core/Src/stm32f4xx_it.c ****   */
  70:board/stm32f411ceux_board/Core/Src/stm32f4xx_it.c **** void NMI_Handler(void)
  71:board/stm32f411ceux_board/Core/Src/stm32f4xx_it.c **** {
  27              		.loc 1 71 1 view -0
  28              		.cfi_startproc
  29              		@ Volatile: function does not return.
  30              		@ args = 0, pretend = 0, frame = 0
  31              		@ frame_needed = 0, uses_anonymous_args = 0
  32              		@ link register save eliminated.
  33              	.L2:
  72:board/stm32f411ceux_board/Core/Src/stm32f4xx_it.c ****   /* USER CODE BEGIN NonMaskableInt_IRQn 0 */
  73:board/stm32f411ceux_board/Core/Src/stm32f4xx_it.c **** 
  74:board/stm32f411ceux_board/Core/Src/stm32f4xx_it.c ****   /* USER CODE END NonMaskableInt_IRQn 0 */
  75:board/stm32f411ceux_board/Core/Src/stm32f4xx_it.c ****   /* USER CODE BEGIN NonMaskableInt_IRQn 1 */
  76:board/stm32f411ceux_board/Core/Src/stm32f4xx_it.c ****    while (1)
  34              		.loc 1 76 4 discriminator 1 view .LVU1
  77:board/stm32f411ceux_board/Core/Src/stm32f4xx_it.c ****   {
  78:board/stm32f411ceux_board/Core/Src/stm32f4xx_it.c ****   }
  35              		.loc 1 78 3 discriminator 1 view .LVU2
  76:board/stm32f411ceux_board/Core/Src/stm32f4xx_it.c ****   {
  36              		.loc 1 76 10 discriminator 1 view .LVU3
ARM GAS  C:\Users\vanlo\AppData\Local\Temp\cci4u5KW.s 			page 3


  37 0000 FEE7     		b	.L2
  38              		.cfi_endproc
  39              	.LFE681:
  41              		.section	.text.HardFault_Handler,"ax",%progbits
  42              		.align	1
  43              		.global	HardFault_Handler
  44              		.syntax unified
  45              		.thumb
  46              		.thumb_func
  48              	HardFault_Handler:
  49              	.LFB682:
  79:board/stm32f411ceux_board/Core/Src/stm32f4xx_it.c ****   /* USER CODE END NonMaskableInt_IRQn 1 */
  80:board/stm32f411ceux_board/Core/Src/stm32f4xx_it.c **** }
  81:board/stm32f411ceux_board/Core/Src/stm32f4xx_it.c **** 
  82:board/stm32f411ceux_board/Core/Src/stm32f4xx_it.c **** /**
  83:board/stm32f411ceux_board/Core/Src/stm32f4xx_it.c ****   * @brief This function handles Hard fault interrupt.
  84:board/stm32f411ceux_board/Core/Src/stm32f4xx_it.c ****   */
  85:board/stm32f411ceux_board/Core/Src/stm32f4xx_it.c **** void HardFault_Handler(void)
  86:board/stm32f411ceux_board/Core/Src/stm32f4xx_it.c **** {
  50              		.loc 1 86 1 view -0
  51              		.cfi_startproc
  52              		@ Volatile: function does not return.
  53              		@ args = 0, pretend = 0, frame = 0
  54              		@ frame_needed = 0, uses_anonymous_args = 0
  55              		@ link register save eliminated.
  56              	.L4:
  87:board/stm32f411ceux_board/Core/Src/stm32f4xx_it.c ****   /* USER CODE BEGIN HardFault_IRQn 0 */
  88:board/stm32f411ceux_board/Core/Src/stm32f4xx_it.c **** 
  89:board/stm32f411ceux_board/Core/Src/stm32f4xx_it.c ****   /* USER CODE END HardFault_IRQn 0 */
  90:board/stm32f411ceux_board/Core/Src/stm32f4xx_it.c ****   while (1)
  57              		.loc 1 90 3 discriminator 1 view .LVU5
  91:board/stm32f411ceux_board/Core/Src/stm32f4xx_it.c ****   {
  92:board/stm32f411ceux_board/Core/Src/stm32f4xx_it.c ****     /* USER CODE BEGIN W1_HardFault_IRQn 0 */
  93:board/stm32f411ceux_board/Core/Src/stm32f4xx_it.c ****     /* USER CODE END W1_HardFault_IRQn 0 */
  94:board/stm32f411ceux_board/Core/Src/stm32f4xx_it.c ****   }
  58              		.loc 1 94 3 discriminator 1 view .LVU6
  90:board/stm32f411ceux_board/Core/Src/stm32f4xx_it.c ****   {
  59              		.loc 1 90 9 discriminator 1 view .LVU7
  60 0000 FEE7     		b	.L4
  61              		.cfi_endproc
  62              	.LFE682:
  64              		.section	.text.MemManage_Handler,"ax",%progbits
  65              		.align	1
  66              		.global	MemManage_Handler
  67              		.syntax unified
  68              		.thumb
  69              		.thumb_func
  71              	MemManage_Handler:
  72              	.LFB683:
  95:board/stm32f411ceux_board/Core/Src/stm32f4xx_it.c **** }
  96:board/stm32f411ceux_board/Core/Src/stm32f4xx_it.c **** 
  97:board/stm32f411ceux_board/Core/Src/stm32f4xx_it.c **** /**
  98:board/stm32f411ceux_board/Core/Src/stm32f4xx_it.c ****   * @brief This function handles Memory management fault.
  99:board/stm32f411ceux_board/Core/Src/stm32f4xx_it.c ****   */
 100:board/stm32f411ceux_board/Core/Src/stm32f4xx_it.c **** void MemManage_Handler(void)
 101:board/stm32f411ceux_board/Core/Src/stm32f4xx_it.c **** {
  73              		.loc 1 101 1 view -0
ARM GAS  C:\Users\vanlo\AppData\Local\Temp\cci4u5KW.s 			page 4


  74              		.cfi_startproc
  75              		@ Volatile: function does not return.
  76              		@ args = 0, pretend = 0, frame = 0
  77              		@ frame_needed = 0, uses_anonymous_args = 0
  78              		@ link register save eliminated.
  79              	.L6:
 102:board/stm32f411ceux_board/Core/Src/stm32f4xx_it.c ****   /* USER CODE BEGIN MemoryManagement_IRQn 0 */
 103:board/stm32f411ceux_board/Core/Src/stm32f4xx_it.c **** 
 104:board/stm32f411ceux_board/Core/Src/stm32f4xx_it.c ****   /* USER CODE END MemoryManagement_IRQn 0 */
 105:board/stm32f411ceux_board/Core/Src/stm32f4xx_it.c ****   while (1)
  80              		.loc 1 105 3 discriminator 1 view .LVU9
 106:board/stm32f411ceux_board/Core/Src/stm32f4xx_it.c ****   {
 107:board/stm32f411ceux_board/Core/Src/stm32f4xx_it.c ****     /* USER CODE BEGIN W1_MemoryManagement_IRQn 0 */
 108:board/stm32f411ceux_board/Core/Src/stm32f4xx_it.c ****     /* USER CODE END W1_MemoryManagement_IRQn 0 */
 109:board/stm32f411ceux_board/Core/Src/stm32f4xx_it.c ****   }
  81              		.loc 1 109 3 discriminator 1 view .LVU10
 105:board/stm32f411ceux_board/Core/Src/stm32f4xx_it.c ****   {
  82              		.loc 1 105 9 discriminator 1 view .LVU11
  83 0000 FEE7     		b	.L6
  84              		.cfi_endproc
  85              	.LFE683:
  87              		.section	.text.BusFault_Handler,"ax",%progbits
  88              		.align	1
  89              		.global	BusFault_Handler
  90              		.syntax unified
  91              		.thumb
  92              		.thumb_func
  94              	BusFault_Handler:
  95              	.LFB684:
 110:board/stm32f411ceux_board/Core/Src/stm32f4xx_it.c **** }
 111:board/stm32f411ceux_board/Core/Src/stm32f4xx_it.c **** 
 112:board/stm32f411ceux_board/Core/Src/stm32f4xx_it.c **** /**
 113:board/stm32f411ceux_board/Core/Src/stm32f4xx_it.c ****   * @brief This function handles Pre-fetch fault, memory access fault.
 114:board/stm32f411ceux_board/Core/Src/stm32f4xx_it.c ****   */
 115:board/stm32f411ceux_board/Core/Src/stm32f4xx_it.c **** void BusFault_Handler(void)
 116:board/stm32f411ceux_board/Core/Src/stm32f4xx_it.c **** {
  96              		.loc 1 116 1 view -0
  97              		.cfi_startproc
  98              		@ Volatile: function does not return.
  99              		@ args = 0, pretend = 0, frame = 0
 100              		@ frame_needed = 0, uses_anonymous_args = 0
 101              		@ link register save eliminated.
 102              	.L8:
 117:board/stm32f411ceux_board/Core/Src/stm32f4xx_it.c ****   /* USER CODE BEGIN BusFault_IRQn 0 */
 118:board/stm32f411ceux_board/Core/Src/stm32f4xx_it.c **** 
 119:board/stm32f411ceux_board/Core/Src/stm32f4xx_it.c ****   /* USER CODE END BusFault_IRQn 0 */
 120:board/stm32f411ceux_board/Core/Src/stm32f4xx_it.c ****   while (1)
 103              		.loc 1 120 3 discriminator 1 view .LVU13
 121:board/stm32f411ceux_board/Core/Src/stm32f4xx_it.c ****   {
 122:board/stm32f411ceux_board/Core/Src/stm32f4xx_it.c ****     /* USER CODE BEGIN W1_BusFault_IRQn 0 */
 123:board/stm32f411ceux_board/Core/Src/stm32f4xx_it.c ****     /* USER CODE END W1_BusFault_IRQn 0 */
 124:board/stm32f411ceux_board/Core/Src/stm32f4xx_it.c ****   }
 104              		.loc 1 124 3 discriminator 1 view .LVU14
 120:board/stm32f411ceux_board/Core/Src/stm32f4xx_it.c ****   {
 105              		.loc 1 120 9 discriminator 1 view .LVU15
 106 0000 FEE7     		b	.L8
 107              		.cfi_endproc
ARM GAS  C:\Users\vanlo\AppData\Local\Temp\cci4u5KW.s 			page 5


 108              	.LFE684:
 110              		.section	.text.UsageFault_Handler,"ax",%progbits
 111              		.align	1
 112              		.global	UsageFault_Handler
 113              		.syntax unified
 114              		.thumb
 115              		.thumb_func
 117              	UsageFault_Handler:
 118              	.LFB685:
 125:board/stm32f411ceux_board/Core/Src/stm32f4xx_it.c **** }
 126:board/stm32f411ceux_board/Core/Src/stm32f4xx_it.c **** 
 127:board/stm32f411ceux_board/Core/Src/stm32f4xx_it.c **** /**
 128:board/stm32f411ceux_board/Core/Src/stm32f4xx_it.c ****   * @brief This function handles Undefined instruction or illegal state.
 129:board/stm32f411ceux_board/Core/Src/stm32f4xx_it.c ****   */
 130:board/stm32f411ceux_board/Core/Src/stm32f4xx_it.c **** void UsageFault_Handler(void)
 131:board/stm32f411ceux_board/Core/Src/stm32f4xx_it.c **** {
 119              		.loc 1 131 1 view -0
 120              		.cfi_startproc
 121              		@ Volatile: function does not return.
 122              		@ args = 0, pretend = 0, frame = 0
 123              		@ frame_needed = 0, uses_anonymous_args = 0
 124              		@ link register save eliminated.
 125              	.L10:
 132:board/stm32f411ceux_board/Core/Src/stm32f4xx_it.c ****   /* USER CODE BEGIN UsageFault_IRQn 0 */
 133:board/stm32f411ceux_board/Core/Src/stm32f4xx_it.c **** 
 134:board/stm32f411ceux_board/Core/Src/stm32f4xx_it.c ****   /* USER CODE END UsageFault_IRQn 0 */
 135:board/stm32f411ceux_board/Core/Src/stm32f4xx_it.c ****   while (1)
 126              		.loc 1 135 3 discriminator 1 view .LVU17
 136:board/stm32f411ceux_board/Core/Src/stm32f4xx_it.c ****   {
 137:board/stm32f411ceux_board/Core/Src/stm32f4xx_it.c ****     /* USER CODE BEGIN W1_UsageFault_IRQn 0 */
 138:board/stm32f411ceux_board/Core/Src/stm32f4xx_it.c ****     /* USER CODE END W1_UsageFault_IRQn 0 */
 139:board/stm32f411ceux_board/Core/Src/stm32f4xx_it.c ****   }
 127              		.loc 1 139 3 discriminator 1 view .LVU18
 135:board/stm32f411ceux_board/Core/Src/stm32f4xx_it.c ****   {
 128              		.loc 1 135 9 discriminator 1 view .LVU19
 129 0000 FEE7     		b	.L10
 130              		.cfi_endproc
 131              	.LFE685:
 133              		.section	.text.SVC_Handler,"ax",%progbits
 134              		.align	1
 135              		.global	SVC_Handler
 136              		.syntax unified
 137              		.thumb
 138              		.thumb_func
 140              	SVC_Handler:
 141              	.LFB686:
 140:board/stm32f411ceux_board/Core/Src/stm32f4xx_it.c **** }
 141:board/stm32f411ceux_board/Core/Src/stm32f4xx_it.c **** 
 142:board/stm32f411ceux_board/Core/Src/stm32f4xx_it.c **** /**
 143:board/stm32f411ceux_board/Core/Src/stm32f4xx_it.c ****   * @brief This function handles System service call via SWI instruction.
 144:board/stm32f411ceux_board/Core/Src/stm32f4xx_it.c ****   */
 145:board/stm32f411ceux_board/Core/Src/stm32f4xx_it.c **** void SVC_Handler(void)
 146:board/stm32f411ceux_board/Core/Src/stm32f4xx_it.c **** {
 142              		.loc 1 146 1 view -0
 143              		.cfi_startproc
 144              		@ args = 0, pretend = 0, frame = 0
 145              		@ frame_needed = 0, uses_anonymous_args = 0
ARM GAS  C:\Users\vanlo\AppData\Local\Temp\cci4u5KW.s 			page 6


 146              		@ link register save eliminated.
 147:board/stm32f411ceux_board/Core/Src/stm32f4xx_it.c ****   /* USER CODE BEGIN SVCall_IRQn 0 */
 148:board/stm32f411ceux_board/Core/Src/stm32f4xx_it.c **** 
 149:board/stm32f411ceux_board/Core/Src/stm32f4xx_it.c ****   /* USER CODE END SVCall_IRQn 0 */
 150:board/stm32f411ceux_board/Core/Src/stm32f4xx_it.c ****   /* USER CODE BEGIN SVCall_IRQn 1 */
 151:board/stm32f411ceux_board/Core/Src/stm32f4xx_it.c **** 
 152:board/stm32f411ceux_board/Core/Src/stm32f4xx_it.c ****   /* USER CODE END SVCall_IRQn 1 */
 153:board/stm32f411ceux_board/Core/Src/stm32f4xx_it.c **** }
 147              		.loc 1 153 1 view .LVU21
 148 0000 7047     		bx	lr
 149              		.cfi_endproc
 150              	.LFE686:
 152              		.section	.text.DebugMon_Handler,"ax",%progbits
 153              		.align	1
 154              		.global	DebugMon_Handler
 155              		.syntax unified
 156              		.thumb
 157              		.thumb_func
 159              	DebugMon_Handler:
 160              	.LFB687:
 154:board/stm32f411ceux_board/Core/Src/stm32f4xx_it.c **** 
 155:board/stm32f411ceux_board/Core/Src/stm32f4xx_it.c **** /**
 156:board/stm32f411ceux_board/Core/Src/stm32f4xx_it.c ****   * @brief This function handles Debug monitor.
 157:board/stm32f411ceux_board/Core/Src/stm32f4xx_it.c ****   */
 158:board/stm32f411ceux_board/Core/Src/stm32f4xx_it.c **** void DebugMon_Handler(void)
 159:board/stm32f411ceux_board/Core/Src/stm32f4xx_it.c **** {
 161              		.loc 1 159 1 view -0
 162              		.cfi_startproc
 163              		@ args = 0, pretend = 0, frame = 0
 164              		@ frame_needed = 0, uses_anonymous_args = 0
 165              		@ link register save eliminated.
 160:board/stm32f411ceux_board/Core/Src/stm32f4xx_it.c ****   /* USER CODE BEGIN DebugMonitor_IRQn 0 */
 161:board/stm32f411ceux_board/Core/Src/stm32f4xx_it.c **** 
 162:board/stm32f411ceux_board/Core/Src/stm32f4xx_it.c ****   /* USER CODE END DebugMonitor_IRQn 0 */
 163:board/stm32f411ceux_board/Core/Src/stm32f4xx_it.c ****   /* USER CODE BEGIN DebugMonitor_IRQn 1 */
 164:board/stm32f411ceux_board/Core/Src/stm32f4xx_it.c **** 
 165:board/stm32f411ceux_board/Core/Src/stm32f4xx_it.c ****   /* USER CODE END DebugMonitor_IRQn 1 */
 166:board/stm32f411ceux_board/Core/Src/stm32f4xx_it.c **** }
 166              		.loc 1 166 1 view .LVU23
 167 0000 7047     		bx	lr
 168              		.cfi_endproc
 169              	.LFE687:
 171              		.section	.text.PendSV_Handler,"ax",%progbits
 172              		.align	1
 173              		.global	PendSV_Handler
 174              		.syntax unified
 175              		.thumb
 176              		.thumb_func
 178              	PendSV_Handler:
 179              	.LFB688:
 167:board/stm32f411ceux_board/Core/Src/stm32f4xx_it.c **** 
 168:board/stm32f411ceux_board/Core/Src/stm32f4xx_it.c **** /**
 169:board/stm32f411ceux_board/Core/Src/stm32f4xx_it.c ****   * @brief This function handles Pendable request for system service.
 170:board/stm32f411ceux_board/Core/Src/stm32f4xx_it.c ****   */
 171:board/stm32f411ceux_board/Core/Src/stm32f4xx_it.c **** void PendSV_Handler(void)
 172:board/stm32f411ceux_board/Core/Src/stm32f4xx_it.c **** {
 180              		.loc 1 172 1 view -0
ARM GAS  C:\Users\vanlo\AppData\Local\Temp\cci4u5KW.s 			page 7


 181              		.cfi_startproc
 182              		@ args = 0, pretend = 0, frame = 0
 183              		@ frame_needed = 0, uses_anonymous_args = 0
 184              		@ link register save eliminated.
 173:board/stm32f411ceux_board/Core/Src/stm32f4xx_it.c ****   /* USER CODE BEGIN PendSV_IRQn 0 */
 174:board/stm32f411ceux_board/Core/Src/stm32f4xx_it.c **** 
 175:board/stm32f411ceux_board/Core/Src/stm32f4xx_it.c ****   /* USER CODE END PendSV_IRQn 0 */
 176:board/stm32f411ceux_board/Core/Src/stm32f4xx_it.c ****   /* USER CODE BEGIN PendSV_IRQn 1 */
 177:board/stm32f411ceux_board/Core/Src/stm32f4xx_it.c **** 
 178:board/stm32f411ceux_board/Core/Src/stm32f4xx_it.c ****   /* USER CODE END PendSV_IRQn 1 */
 179:board/stm32f411ceux_board/Core/Src/stm32f4xx_it.c **** }
 185              		.loc 1 179 1 view .LVU25
 186 0000 7047     		bx	lr
 187              		.cfi_endproc
 188              	.LFE688:
 190              		.section	.text.SysTick_Handler,"ax",%progbits
 191              		.align	1
 192              		.global	SysTick_Handler
 193              		.syntax unified
 194              		.thumb
 195              		.thumb_func
 197              	SysTick_Handler:
 198              	.LFB689:
 180:board/stm32f411ceux_board/Core/Src/stm32f4xx_it.c **** 
 181:board/stm32f411ceux_board/Core/Src/stm32f4xx_it.c **** /**
 182:board/stm32f411ceux_board/Core/Src/stm32f4xx_it.c ****   * @brief This function handles System tick timer.
 183:board/stm32f411ceux_board/Core/Src/stm32f4xx_it.c ****   */
 184:board/stm32f411ceux_board/Core/Src/stm32f4xx_it.c **** void SysTick_Handler(void)
 185:board/stm32f411ceux_board/Core/Src/stm32f4xx_it.c **** {
 199              		.loc 1 185 1 view -0
 200              		.cfi_startproc
 201              		@ args = 0, pretend = 0, frame = 0
 202              		@ frame_needed = 0, uses_anonymous_args = 0
 203 0000 08B5     		push	{r3, lr}
 204              	.LCFI0:
 205              		.cfi_def_cfa_offset 8
 206              		.cfi_offset 3, -8
 207              		.cfi_offset 14, -4
 186:board/stm32f411ceux_board/Core/Src/stm32f4xx_it.c ****   /* USER CODE BEGIN SysTick_IRQn 0 */
 187:board/stm32f411ceux_board/Core/Src/stm32f4xx_it.c **** 
 188:board/stm32f411ceux_board/Core/Src/stm32f4xx_it.c ****   /* USER CODE END SysTick_IRQn 0 */
 189:board/stm32f411ceux_board/Core/Src/stm32f4xx_it.c ****   HAL_IncTick();
 208              		.loc 1 189 3 view .LVU27
 209 0002 FFF7FEFF 		bl	HAL_IncTick
 210              	.LVL0:
 190:board/stm32f411ceux_board/Core/Src/stm32f4xx_it.c ****   /* USER CODE BEGIN SysTick_IRQn 1 */
 191:board/stm32f411ceux_board/Core/Src/stm32f4xx_it.c **** 
 192:board/stm32f411ceux_board/Core/Src/stm32f4xx_it.c ****   /* USER CODE END SysTick_IRQn 1 */
 193:board/stm32f411ceux_board/Core/Src/stm32f4xx_it.c **** }
 211              		.loc 1 193 1 is_stmt 0 view .LVU28
 212 0006 08BD     		pop	{r3, pc}
 213              		.cfi_endproc
 214              	.LFE689:
 216              		.text
 217              	.Letext0:
 218              		.file 2 "c:\\st\\stm32cubeide_1.12.1\\stm32cubeide\\plugins\\com.st.stm32cube.ide.mcu.externaltool
 219              		.file 3 "c:\\st\\stm32cubeide_1.12.1\\stm32cubeide\\plugins\\com.st.stm32cube.ide.mcu.externaltool
ARM GAS  C:\Users\vanlo\AppData\Local\Temp\cci4u5KW.s 			page 8


 220              		.file 4 "board/stm32f411ceux_board/Drivers/STM32F4xx_HAL_Driver/Inc/stm32f4xx_ll_tim.h"
 221              		.file 5 "board/stm32f411ceux_board/Drivers/STM32F4xx_HAL_Driver/Inc/stm32f4xx_ll_dma.h"
 222              		.file 6 "board/stm32f411ceux_board/Drivers/STM32F4xx_HAL_Driver/Inc/stm32f4xx_hal.h"
ARM GAS  C:\Users\vanlo\AppData\Local\Temp\cci4u5KW.s 			page 9


DEFINED SYMBOLS
                            *ABS*:0000000000000000 stm32f4xx_it.c
C:\Users\vanlo\AppData\Local\Temp\cci4u5KW.s:18     .text.NMI_Handler:0000000000000000 $t
C:\Users\vanlo\AppData\Local\Temp\cci4u5KW.s:24     .text.NMI_Handler:0000000000000000 NMI_Handler
C:\Users\vanlo\AppData\Local\Temp\cci4u5KW.s:42     .text.HardFault_Handler:0000000000000000 $t
C:\Users\vanlo\AppData\Local\Temp\cci4u5KW.s:48     .text.HardFault_Handler:0000000000000000 HardFault_Handler
C:\Users\vanlo\AppData\Local\Temp\cci4u5KW.s:65     .text.MemManage_Handler:0000000000000000 $t
C:\Users\vanlo\AppData\Local\Temp\cci4u5KW.s:71     .text.MemManage_Handler:0000000000000000 MemManage_Handler
C:\Users\vanlo\AppData\Local\Temp\cci4u5KW.s:88     .text.BusFault_Handler:0000000000000000 $t
C:\Users\vanlo\AppData\Local\Temp\cci4u5KW.s:94     .text.BusFault_Handler:0000000000000000 BusFault_Handler
C:\Users\vanlo\AppData\Local\Temp\cci4u5KW.s:111    .text.UsageFault_Handler:0000000000000000 $t
C:\Users\vanlo\AppData\Local\Temp\cci4u5KW.s:117    .text.UsageFault_Handler:0000000000000000 UsageFault_Handler
C:\Users\vanlo\AppData\Local\Temp\cci4u5KW.s:134    .text.SVC_Handler:0000000000000000 $t
C:\Users\vanlo\AppData\Local\Temp\cci4u5KW.s:140    .text.SVC_Handler:0000000000000000 SVC_Handler
C:\Users\vanlo\AppData\Local\Temp\cci4u5KW.s:153    .text.DebugMon_Handler:0000000000000000 $t
C:\Users\vanlo\AppData\Local\Temp\cci4u5KW.s:159    .text.DebugMon_Handler:0000000000000000 DebugMon_Handler
C:\Users\vanlo\AppData\Local\Temp\cci4u5KW.s:172    .text.PendSV_Handler:0000000000000000 $t
C:\Users\vanlo\AppData\Local\Temp\cci4u5KW.s:178    .text.PendSV_Handler:0000000000000000 PendSV_Handler
C:\Users\vanlo\AppData\Local\Temp\cci4u5KW.s:191    .text.SysTick_Handler:0000000000000000 $t
C:\Users\vanlo\AppData\Local\Temp\cci4u5KW.s:197    .text.SysTick_Handler:0000000000000000 SysTick_Handler

UNDEFINED SYMBOLS
HAL_IncTick
