ARM GAS  C:\Users\vanlo\AppData\Local\Temp\ccUMf48c.s 			page 1


   1              		.cpu cortex-m3
   2              		.arch armv7-m
   3              		.fpu softvfp
   4              		.eabi_attribute 20, 1
   5              		.eabi_attribute 21, 1
   6              		.eabi_attribute 23, 3
   7              		.eabi_attribute 24, 1
   8              		.eabi_attribute 25, 1
   9              		.eabi_attribute 26, 1
  10              		.eabi_attribute 30, 1
  11              		.eabi_attribute 34, 1
  12              		.eabi_attribute 18, 4
  13              		.file	"stm32f1xx_hal_msp.c"
  14              		.text
  15              	.Ltext0:
  16              		.cfi_sections	.debug_frame
  17              		.section	.text.HAL_MspInit,"ax",%progbits
  18              		.align	1
  19              		.global	HAL_MspInit
  20              		.syntax unified
  21              		.thumb
  22              		.thumb_func
  24              	HAL_MspInit:
  25              	.LFB319:
  26              		.file 1 "board/stm32f103cbtx_board/Core/Src/stm32f1xx_hal_msp.c"
   1:board/stm32f103cbtx_board/Core/Src/stm32f1xx_hal_msp.c **** /* USER CODE BEGIN Header */
   2:board/stm32f103cbtx_board/Core/Src/stm32f1xx_hal_msp.c **** /**
   3:board/stm32f103cbtx_board/Core/Src/stm32f1xx_hal_msp.c ****   ******************************************************************************
   4:board/stm32f103cbtx_board/Core/Src/stm32f1xx_hal_msp.c ****   * @file         stm32f1xx_hal_msp.c
   5:board/stm32f103cbtx_board/Core/Src/stm32f1xx_hal_msp.c ****   * @brief        This file provides code for the MSP Initialization
   6:board/stm32f103cbtx_board/Core/Src/stm32f1xx_hal_msp.c ****   *               and de-Initialization codes.
   7:board/stm32f103cbtx_board/Core/Src/stm32f1xx_hal_msp.c ****   ******************************************************************************
   8:board/stm32f103cbtx_board/Core/Src/stm32f1xx_hal_msp.c ****   * @attention
   9:board/stm32f103cbtx_board/Core/Src/stm32f1xx_hal_msp.c ****   *
  10:board/stm32f103cbtx_board/Core/Src/stm32f1xx_hal_msp.c ****   * Copyright (c) 2024 STMicroelectronics.
  11:board/stm32f103cbtx_board/Core/Src/stm32f1xx_hal_msp.c ****   * All rights reserved.
  12:board/stm32f103cbtx_board/Core/Src/stm32f1xx_hal_msp.c ****   *
  13:board/stm32f103cbtx_board/Core/Src/stm32f1xx_hal_msp.c ****   * This software is licensed under terms that can be found in the LICENSE file
  14:board/stm32f103cbtx_board/Core/Src/stm32f1xx_hal_msp.c ****   * in the root directory of this software component.
  15:board/stm32f103cbtx_board/Core/Src/stm32f1xx_hal_msp.c ****   * If no LICENSE file comes with this software, it is provided AS-IS.
  16:board/stm32f103cbtx_board/Core/Src/stm32f1xx_hal_msp.c ****   *
  17:board/stm32f103cbtx_board/Core/Src/stm32f1xx_hal_msp.c ****   ******************************************************************************
  18:board/stm32f103cbtx_board/Core/Src/stm32f1xx_hal_msp.c ****   */
  19:board/stm32f103cbtx_board/Core/Src/stm32f1xx_hal_msp.c **** /* USER CODE END Header */
  20:board/stm32f103cbtx_board/Core/Src/stm32f1xx_hal_msp.c **** 
  21:board/stm32f103cbtx_board/Core/Src/stm32f1xx_hal_msp.c **** /* Includes ------------------------------------------------------------------*/
  22:board/stm32f103cbtx_board/Core/Src/stm32f1xx_hal_msp.c **** //#include "main.h"
  23:board/stm32f103cbtx_board/Core/Src/stm32f1xx_hal_msp.c **** /* USER CODE BEGIN Includes */
  24:board/stm32f103cbtx_board/Core/Src/stm32f1xx_hal_msp.c **** #include "stm32_config.h"
  25:board/stm32f103cbtx_board/Core/Src/stm32f1xx_hal_msp.c **** /* USER CODE END Includes */
  26:board/stm32f103cbtx_board/Core/Src/stm32f1xx_hal_msp.c **** 
  27:board/stm32f103cbtx_board/Core/Src/stm32f1xx_hal_msp.c **** /* Private typedef -----------------------------------------------------------*/
  28:board/stm32f103cbtx_board/Core/Src/stm32f1xx_hal_msp.c **** /* USER CODE BEGIN TD */
  29:board/stm32f103cbtx_board/Core/Src/stm32f1xx_hal_msp.c **** 
  30:board/stm32f103cbtx_board/Core/Src/stm32f1xx_hal_msp.c **** /* USER CODE END TD */
  31:board/stm32f103cbtx_board/Core/Src/stm32f1xx_hal_msp.c **** 
  32:board/stm32f103cbtx_board/Core/Src/stm32f1xx_hal_msp.c **** /* Private define ------------------------------------------------------------*/
ARM GAS  C:\Users\vanlo\AppData\Local\Temp\ccUMf48c.s 			page 2


  33:board/stm32f103cbtx_board/Core/Src/stm32f1xx_hal_msp.c **** /* USER CODE BEGIN Define */
  34:board/stm32f103cbtx_board/Core/Src/stm32f1xx_hal_msp.c **** 
  35:board/stm32f103cbtx_board/Core/Src/stm32f1xx_hal_msp.c **** /* USER CODE END Define */
  36:board/stm32f103cbtx_board/Core/Src/stm32f1xx_hal_msp.c **** 
  37:board/stm32f103cbtx_board/Core/Src/stm32f1xx_hal_msp.c **** /* Private macro -------------------------------------------------------------*/
  38:board/stm32f103cbtx_board/Core/Src/stm32f1xx_hal_msp.c **** /* USER CODE BEGIN Macro */
  39:board/stm32f103cbtx_board/Core/Src/stm32f1xx_hal_msp.c **** 
  40:board/stm32f103cbtx_board/Core/Src/stm32f1xx_hal_msp.c **** /* USER CODE END Macro */
  41:board/stm32f103cbtx_board/Core/Src/stm32f1xx_hal_msp.c **** 
  42:board/stm32f103cbtx_board/Core/Src/stm32f1xx_hal_msp.c **** /* Private variables ---------------------------------------------------------*/
  43:board/stm32f103cbtx_board/Core/Src/stm32f1xx_hal_msp.c **** /* USER CODE BEGIN PV */
  44:board/stm32f103cbtx_board/Core/Src/stm32f1xx_hal_msp.c **** 
  45:board/stm32f103cbtx_board/Core/Src/stm32f1xx_hal_msp.c **** /* USER CODE END PV */
  46:board/stm32f103cbtx_board/Core/Src/stm32f1xx_hal_msp.c **** 
  47:board/stm32f103cbtx_board/Core/Src/stm32f1xx_hal_msp.c **** /* Private function prototypes -----------------------------------------------*/
  48:board/stm32f103cbtx_board/Core/Src/stm32f1xx_hal_msp.c **** /* USER CODE BEGIN PFP */
  49:board/stm32f103cbtx_board/Core/Src/stm32f1xx_hal_msp.c **** 
  50:board/stm32f103cbtx_board/Core/Src/stm32f1xx_hal_msp.c **** /* USER CODE END PFP */
  51:board/stm32f103cbtx_board/Core/Src/stm32f1xx_hal_msp.c **** 
  52:board/stm32f103cbtx_board/Core/Src/stm32f1xx_hal_msp.c **** /* External functions --------------------------------------------------------*/
  53:board/stm32f103cbtx_board/Core/Src/stm32f1xx_hal_msp.c **** /* USER CODE BEGIN ExternalFunctions */
  54:board/stm32f103cbtx_board/Core/Src/stm32f1xx_hal_msp.c **** 
  55:board/stm32f103cbtx_board/Core/Src/stm32f1xx_hal_msp.c **** /* USER CODE END ExternalFunctions */
  56:board/stm32f103cbtx_board/Core/Src/stm32f1xx_hal_msp.c **** 
  57:board/stm32f103cbtx_board/Core/Src/stm32f1xx_hal_msp.c **** /* USER CODE BEGIN 0 */
  58:board/stm32f103cbtx_board/Core/Src/stm32f1xx_hal_msp.c **** 
  59:board/stm32f103cbtx_board/Core/Src/stm32f1xx_hal_msp.c **** /* USER CODE END 0 */
  60:board/stm32f103cbtx_board/Core/Src/stm32f1xx_hal_msp.c **** /**
  61:board/stm32f103cbtx_board/Core/Src/stm32f1xx_hal_msp.c ****   * Initializes the Global MSP.
  62:board/stm32f103cbtx_board/Core/Src/stm32f1xx_hal_msp.c ****   */
  63:board/stm32f103cbtx_board/Core/Src/stm32f1xx_hal_msp.c **** void HAL_MspInit(void)
  64:board/stm32f103cbtx_board/Core/Src/stm32f1xx_hal_msp.c **** {
  27              		.loc 1 64 1 view -0
  28              		.cfi_startproc
  29              		@ args = 0, pretend = 0, frame = 8
  30              		@ frame_needed = 0, uses_anonymous_args = 0
  31              		@ link register save eliminated.
  32 0000 82B0     		sub	sp, sp, #8
  33              	.LCFI0:
  34              		.cfi_def_cfa_offset 8
  65:board/stm32f103cbtx_board/Core/Src/stm32f1xx_hal_msp.c **** 
  66:board/stm32f103cbtx_board/Core/Src/stm32f1xx_hal_msp.c ****   /* USER CODE BEGIN MspInit 0 */
  67:board/stm32f103cbtx_board/Core/Src/stm32f1xx_hal_msp.c **** 
  68:board/stm32f103cbtx_board/Core/Src/stm32f1xx_hal_msp.c ****   /* USER CODE END MspInit 0 */
  69:board/stm32f103cbtx_board/Core/Src/stm32f1xx_hal_msp.c **** 
  70:board/stm32f103cbtx_board/Core/Src/stm32f1xx_hal_msp.c ****   __HAL_RCC_AFIO_CLK_ENABLE();
  35              		.loc 1 70 3 view .LVU1
  36              	.LBB2:
  37              		.loc 1 70 3 view .LVU2
  38              		.loc 1 70 3 view .LVU3
  39 0002 0E4B     		ldr	r3, .L3
  40 0004 9A69     		ldr	r2, [r3, #24]
  41 0006 42F00102 		orr	r2, r2, #1
  42 000a 9A61     		str	r2, [r3, #24]
  43              		.loc 1 70 3 view .LVU4
  44 000c 9A69     		ldr	r2, [r3, #24]
  45 000e 02F00102 		and	r2, r2, #1
ARM GAS  C:\Users\vanlo\AppData\Local\Temp\ccUMf48c.s 			page 3


  46 0012 0092     		str	r2, [sp]
  47              		.loc 1 70 3 view .LVU5
  48 0014 009A     		ldr	r2, [sp]
  49              	.LBE2:
  50              		.loc 1 70 3 view .LVU6
  71:board/stm32f103cbtx_board/Core/Src/stm32f1xx_hal_msp.c ****   __HAL_RCC_PWR_CLK_ENABLE();
  51              		.loc 1 71 3 view .LVU7
  52              	.LBB3:
  53              		.loc 1 71 3 view .LVU8
  54              		.loc 1 71 3 view .LVU9
  55 0016 DA69     		ldr	r2, [r3, #28]
  56 0018 42F08052 		orr	r2, r2, #268435456
  57 001c DA61     		str	r2, [r3, #28]
  58              		.loc 1 71 3 view .LVU10
  59 001e DB69     		ldr	r3, [r3, #28]
  60 0020 03F08053 		and	r3, r3, #268435456
  61 0024 0193     		str	r3, [sp, #4]
  62              		.loc 1 71 3 view .LVU11
  63 0026 019B     		ldr	r3, [sp, #4]
  64              	.LBE3:
  65              		.loc 1 71 3 view .LVU12
  72:board/stm32f103cbtx_board/Core/Src/stm32f1xx_hal_msp.c **** 
  73:board/stm32f103cbtx_board/Core/Src/stm32f1xx_hal_msp.c ****   /* System interrupt init*/
  74:board/stm32f103cbtx_board/Core/Src/stm32f1xx_hal_msp.c **** 
  75:board/stm32f103cbtx_board/Core/Src/stm32f1xx_hal_msp.c ****   /** NOJTAG: JTAG-DP Disabled and SW-DP Enabled
  76:board/stm32f103cbtx_board/Core/Src/stm32f1xx_hal_msp.c ****   */
  77:board/stm32f103cbtx_board/Core/Src/stm32f1xx_hal_msp.c ****   __HAL_AFIO_REMAP_SWJ_NOJTAG();
  66              		.loc 1 77 3 view .LVU13
  67              	.LBB4:
  68              		.loc 1 77 3 view .LVU14
  69 0028 054A     		ldr	r2, .L3+4
  70 002a 5368     		ldr	r3, [r2, #4]
  71              	.LVL0:
  72              		.loc 1 77 3 view .LVU15
  73 002c 23F0E063 		bic	r3, r3, #117440512
  74              	.LVL1:
  75              		.loc 1 77 3 view .LVU16
  76 0030 43F00073 		orr	r3, r3, #33554432
  77              	.LVL2:
  78              		.loc 1 77 3 view .LVU17
  79 0034 5360     		str	r3, [r2, #4]
  80              	.LBE4:
  81              		.loc 1 77 3 view .LVU18
  78:board/stm32f103cbtx_board/Core/Src/stm32f1xx_hal_msp.c **** 
  79:board/stm32f103cbtx_board/Core/Src/stm32f1xx_hal_msp.c ****   /* USER CODE BEGIN MspInit 1 */
  80:board/stm32f103cbtx_board/Core/Src/stm32f1xx_hal_msp.c **** 
  81:board/stm32f103cbtx_board/Core/Src/stm32f1xx_hal_msp.c ****   /* USER CODE END MspInit 1 */
  82:board/stm32f103cbtx_board/Core/Src/stm32f1xx_hal_msp.c **** }
  82              		.loc 1 82 1 is_stmt 0 view .LVU19
  83 0036 02B0     		add	sp, sp, #8
  84              	.LCFI1:
  85              		.cfi_def_cfa_offset 0
  86              		@ sp needed
  87 0038 7047     		bx	lr
  88              	.L4:
  89 003a 00BF     		.align	2
  90              	.L3:
ARM GAS  C:\Users\vanlo\AppData\Local\Temp\ccUMf48c.s 			page 4


  91 003c 00100240 		.word	1073876992
  92 0040 00000140 		.word	1073807360
  93              		.cfi_endproc
  94              	.LFE319:
  96              		.text
  97              	.Letext0:
  98              		.file 2 "c:\\st\\stm32cubeide_1.12.1\\stm32cubeide\\plugins\\com.st.stm32cube.ide.mcu.externaltool
  99              		.file 3 "c:\\st\\stm32cubeide_1.12.1\\stm32cubeide\\plugins\\com.st.stm32cube.ide.mcu.externaltool
 100              		.file 4 "board/stm32f103cbtx_board/Drivers/CMSIS/Device/ST/STM32F1xx/Include/stm32f103xb.h"
 101              		.file 5 "board/stm32f103cbtx_board/Drivers/STM32F1xx_HAL_Driver/Inc/stm32f1xx_ll_tim.h"
ARM GAS  C:\Users\vanlo\AppData\Local\Temp\ccUMf48c.s 			page 5


DEFINED SYMBOLS
                            *ABS*:0000000000000000 stm32f1xx_hal_msp.c
C:\Users\vanlo\AppData\Local\Temp\ccUMf48c.s:18     .text.HAL_MspInit:0000000000000000 $t
C:\Users\vanlo\AppData\Local\Temp\ccUMf48c.s:24     .text.HAL_MspInit:0000000000000000 HAL_MspInit
C:\Users\vanlo\AppData\Local\Temp\ccUMf48c.s:91     .text.HAL_MspInit:000000000000003c $d

NO UNDEFINED SYMBOLS
